[debug] [2021-01-27T20:28:04.504Z] ----------------------------------------------------------------------
[debug] [2021-01-27T20:28:04.508Z] Command:       C:\Program Files\nodejs\node.exe C:\Users\seang\AppData\Roaming\npm\node_modules\firebase-tools\lib\bin\firebase.js emulators:start
[debug] [2021-01-27T20:28:04.508Z] CLI Version:   9.2.2
[debug] [2021-01-27T20:28:04.508Z] Platform:      win32
[debug] [2021-01-27T20:28:04.508Z] Node Version:  v14.15.4
[debug] [2021-01-27T20:28:04.510Z] Time:          Wed Jan 27 2021 15:28:04 GMT-0500 (Eastern Standard Time)
[debug] [2021-01-27T20:28:04.510Z] ----------------------------------------------------------------------
[debug] [2021-01-27T20:28:04.510Z] 
[debug] [2021-01-27T20:28:04.519Z] > command requires scopes: ["email","openid","https://www.googleapis.com/auth/cloudplatformprojects.readonly","https://www.googleapis.com/auth/firebase","https://www.googleapis.com/auth/cloud-platform"]
[debug] [2021-01-27T20:28:04.520Z] > authorizing via signed-in user
[info] i  emulators: Starting emulators: functions, hosting {"metadata":{"emulator":{"name":"hub"},"message":"Starting emulators: functions, hosting"}}
[debug] [2021-01-27T20:28:04.578Z] [hub] writing locator at C:\Users\seang\AppData\Local\Temp\hub-clone-73b51.json
[warn] !  functions: The following emulators are not running, calls to these services from the Functions emulator will affect production: auth, firestore, database, pubsub {"metadata":{"emulator":{"name":"functions"},"message":"The following emulators are not running, calls to these services from the Functions emulator will affect production: \u001b[1mauth, firestore, database, pubsub\u001b[22m"}}
[warn] !  Your requested "node" version "12" doesn't match your global version "14" {"metadata":{"emulator":{"name":"functions"},"message":"Your requested \"node\" version \"12\" doesn't match your global version \"14\""}}
[debug] [2021-01-27T20:28:04.622Z] defaultcredentials: writing to file C:\Users\seang\AppData\Roaming\firebase\seangrant118_gmail_com_application_default_credentials.json
[debug] [2021-01-27T20:28:04.626Z] Setting GAC to C:\Users\seang\AppData\Roaming\firebase\seangrant118_gmail_com_application_default_credentials.json {"metadata":{"emulator":{"name":"functions"},"message":"Setting GAC to C:\\Users\\seang\\AppData\\Roaming\\firebase\\seangrant118_gmail_com_application_default_credentials.json"}}
[debug] [2021-01-27T20:28:04.631Z] >>> [apiv2][query] GET https://firebase.googleapis.com/v1beta1/projects/clone-73b51/adminSdkConfig [none]
[debug] [2021-01-27T20:28:04.961Z] <<< [apiv2][status] GET https://firebase.googleapis.com/v1beta1/projects/clone-73b51/adminSdkConfig 200
[debug] [2021-01-27T20:28:04.961Z] <<< [apiv2][body] GET https://firebase.googleapis.com/v1beta1/projects/clone-73b51/adminSdkConfig {"projectId":"clone-73b51","storageBucket":"clone-73b51.appspot.com"}
[debug] [2021-01-27T20:28:05.013Z] >>> [apiv2][query] GET https://firebase.googleapis.com/v1beta1/projects/clone-73b51/webApps/-/config [none]
[debug] [2021-01-27T20:28:05.484Z] <<< [apiv2][status] GET https://firebase.googleapis.com/v1beta1/projects/clone-73b51/webApps/-/config 200
[debug] [2021-01-27T20:28:05.484Z] <<< [apiv2][body] GET https://firebase.googleapis.com/v1beta1/projects/clone-73b51/webApps/-/config {"projectId":"clone-73b51","appId":"1:768563884052:web:c7485dba63db6c34137701","storageBucket":"clone-73b51.appspot.com","apiKey":"AIzaSyAkIQru4EksWdF9cQ2DYRqqlOh-5PIsm3c","authDomain":"clone-73b51.firebaseapp.com","messagingSenderId":"768563884052","measurementId":"G-68EQMMV4JQ"}
[info] i  hosting: Serving hosting files from: build {"metadata":{"emulator":{"name":"hosting"},"message":"Serving hosting files from: \u001b[1mbuild\u001b[22m"}}
[info] +  hosting: Local server: http://localhost:5000 {"metadata":{"emulator":{"name":"hosting"},"message":"Local server: \u001b[4m\u001b[1mhttp://localhost:5000\u001b[22m\u001b[24m"}}
[debug] [2021-01-27T20:28:05.564Z] Ignoring unsupported arg: auto_download {"metadata":{"emulator":{"name":"ui"},"message":"Ignoring unsupported arg: auto_download"}}
[debug] [2021-01-27T20:28:05.565Z] Ignoring unsupported arg: port {"metadata":{"emulator":{"name":"ui"},"message":"Ignoring unsupported arg: port"}}
[debug] [2021-01-27T20:28:05.565Z] Starting Emulator UI with command {"binary":"node","args":["C:\\Users\\seang\\.cache\\firebase\\emulators\\ui-v1.4.1\\server.bundle.js"],"optionalArgs":[],"joinArgs":false} {"metadata":{"emulator":{"name":"ui"},"message":"Starting Emulator UI with command {\"binary\":\"node\",\"args\":[\"C:\\\\Users\\\\seang\\\\.cache\\\\firebase\\\\emulators\\\\ui-v1.4.1\\\\server.bundle.js\"],\"optionalArgs\":[],\"joinArgs\":false}"}}
[info] i  ui: Emulator UI logging to ui-debug.log {"metadata":{"emulator":{"name":"ui"},"message":"Emulator UI logging to \u001b[1mui-debug.log\u001b[22m"}}
[debug] [2021-01-27T20:28:05.738Z] Web / API server started at http://localhost:4000
 {"metadata":{"emulator":{"name":"ui"},"message":"Web / API server started at http://localhost:4000\n"}}
[info] i  functions: Watching "C:\Users\seang\OneDrive\Desktop\Coding\Projects\amazon-clone\functions" for Cloud Functions... {"metadata":{"emulator":{"name":"functions"},"message":"Watching \"C:\\Users\\seang\\OneDrive\\Desktop\\Coding\\Projects\\amazon-clone\\functions\" for Cloud Functions..."}}
[debug] [2021-01-27T20:28:05.865Z] [worker-pool] addWorker(~diagnostic~) {"metadata":{"emulator":{"name":"functions"},"message":"[worker-pool] addWorker(~diagnostic~)"}}
[debug] [2021-01-27T20:28:05.866Z] [worker-pool] Adding worker with key ~diagnostic~, total=1 {"metadata":{"emulator":{"name":"functions"},"message":"[worker-pool] Adding worker with key ~diagnostic~, total=1"}}
[debug] [2021-01-27T20:28:05.866Z] [worker-pool] submitWork(triggerId=) {"metadata":{"emulator":{"name":"functions"},"message":"[worker-pool] submitWork(triggerId=)"}}
[debug] [2021-01-27T20:28:05.867Z] [worker-~diagnostic~-3533ca69-de2d-4a70-a76b-b64818402942]: Assigning socketPath: \\?\pipe\C:\Users\seang\OneDrive\Desktop\Coding\Projects\amazon-clone\functions\12068 {"metadata":{"emulator":{"name":"functions"},"message":"[worker-~diagnostic~-3533ca69-de2d-4a70-a76b-b64818402942]: Assigning socketPath: \\\\?\\pipe\\C:\\Users\\seang\\OneDrive\\Desktop\\Coding\\Projects\\amazon-clone\\functions\\12068"}}
[debug] [2021-01-27T20:28:05.868Z] [worker-~diagnostic~-3533ca69-de2d-4a70-a76b-b64818402942]: BUSY {"metadata":{"emulator":{"name":"functions"},"message":"[worker-~diagnostic~-3533ca69-de2d-4a70-a76b-b64818402942]: BUSY"}}
[debug] [2021-01-27T20:28:06.193Z] [runtime-status] [12068] Functions runtime initialized. {"cwd":"C:\\Users\\seang\\OneDrive\\Desktop\\Coding\\Projects\\amazon-clone\\functions","node_version":"14.15.4"} {"metadata":{"emulator":{"name":"functions"},"message":"[runtime-status] [12068] Functions runtime initialized. {\"cwd\":\"C:\\\\Users\\\\seang\\\\OneDrive\\\\Desktop\\\\Coding\\\\Projects\\\\amazon-clone\\\\functions\",\"node_version\":\"14.15.4\"}"}}
[debug] [2021-01-27T20:28:06.195Z] [runtime-status] [12068] Disabled runtime features: undefined {"metadata":{"emulator":{"name":"functions"},"message":"[runtime-status] [12068] Disabled runtime features: undefined"}}
[debug] [2021-01-27T20:28:06.200Z] [runtime-status] [12068] Resolved module firebase-admin {"declared":true,"installed":true,"version":"9.4.2","resolution":"C:\\Users\\seang\\OneDrive\\Desktop\\Coding\\Projects\\amazon-clone\\functions\\node_modules\\firebase-admin\\lib\\index.js"} {"metadata":{"emulator":{"name":"functions"},"message":"[runtime-status] [12068] Resolved module firebase-admin {\"declared\":true,\"installed\":true,\"version\":\"9.4.2\",\"resolution\":\"C:\\\\Users\\\\seang\\\\OneDrive\\\\Desktop\\\\Coding\\\\Projects\\\\amazon-clone\\\\functions\\\\node_modules\\\\firebase-admin\\\\lib\\\\index.js\"}"}}
[debug] [2021-01-27T20:28:06.202Z] [runtime-status] [12068] Resolved module firebase-functions {"declared":true,"installed":true,"version":"3.13.1","resolution":"C:\\Users\\seang\\OneDrive\\Desktop\\Coding\\Projects\\amazon-clone\\functions\\node_modules\\firebase-functions\\lib\\index.js"} {"metadata":{"emulator":{"name":"functions"},"message":"[runtime-status] [12068] Resolved module firebase-functions {\"declared\":true,\"installed\":true,\"version\":\"3.13.1\",\"resolution\":\"C:\\\\Users\\\\seang\\\\OneDrive\\\\Desktop\\\\Coding\\\\Projects\\\\amazon-clone\\\\functions\\\\node_modules\\\\firebase-functions\\\\lib\\\\index.js\"}"}}
[debug] [2021-01-27T20:28:06.204Z] [runtime-status] [12068] Resolved module firebase-functions {"declared":true,"installed":true,"version":"3.13.1","resolution":"C:\\Users\\seang\\OneDrive\\Desktop\\Coding\\Projects\\amazon-clone\\functions\\node_modules\\firebase-functions\\lib\\index.js"} {"metadata":{"emulator":{"name":"functions"},"message":"[runtime-status] [12068] Resolved module firebase-functions {\"declared\":true,\"installed\":true,\"version\":\"3.13.1\",\"resolution\":\"C:\\\\Users\\\\seang\\\\OneDrive\\\\Desktop\\\\Coding\\\\Projects\\\\amazon-clone\\\\functions\\\\node_modules\\\\firebase-functions\\\\lib\\\\index.js\"}"}}
[debug] [2021-01-27T20:28:06.208Z] [runtime-status] [12068] Outgoing network have been stubbed. [{"name":"http","status":"mocked"},{"name":"http","status":"mocked"},{"name":"https","status":"mocked"},{"name":"https","status":"mocked"},{"name":"net","status":"mocked"}] {"metadata":{"emulator":{"name":"functions"},"message":"[runtime-status] [12068] Outgoing network have been stubbed. [{\"name\":\"http\",\"status\":\"mocked\"},{\"name\":\"http\",\"status\":\"mocked\"},{\"name\":\"https\",\"status\":\"mocked\"},{\"name\":\"https\",\"status\":\"mocked\"},{\"name\":\"net\",\"status\":\"mocked\"}]"}}
[debug] [2021-01-27T20:28:06.209Z] [runtime-status] [12068] Resolved module firebase-functions {"declared":true,"installed":true,"version":"3.13.1","resolution":"C:\\Users\\seang\\OneDrive\\Desktop\\Coding\\Projects\\amazon-clone\\functions\\node_modules\\firebase-functions\\lib\\index.js"} {"metadata":{"emulator":{"name":"functions"},"message":"[runtime-status] [12068] Resolved module firebase-functions {\"declared\":true,\"installed\":true,\"version\":\"3.13.1\",\"resolution\":\"C:\\\\Users\\\\seang\\\\OneDrive\\\\Desktop\\\\Coding\\\\Projects\\\\amazon-clone\\\\functions\\\\node_modules\\\\firebase-functions\\\\lib\\\\index.js\"}"}}
[debug] [2021-01-27T20:28:06.280Z] [runtime-status] [12068] Checked functions.config() {"config":{}} {"metadata":{"emulator":{"name":"functions"},"message":"[runtime-status] [12068] Checked functions.config() {\"config\":{}}"}}
[debug] [2021-01-27T20:28:06.280Z] [runtime-status] [12068] firebase-functions has been stubbed. {"functionsResolution":{"declared":true,"installed":true,"version":"3.13.1","resolution":"C:\\Users\\seang\\OneDrive\\Desktop\\Coding\\Projects\\amazon-clone\\functions\\node_modules\\firebase-functions\\lib\\index.js"}} {"metadata":{"emulator":{"name":"functions"},"message":"[runtime-status] [12068] firebase-functions has been stubbed. {\"functionsResolution\":{\"declared\":true,\"installed\":true,\"version\":\"3.13.1\",\"resolution\":\"C:\\\\Users\\\\seang\\\\OneDrive\\\\Desktop\\\\Coding\\\\Projects\\\\amazon-clone\\\\functions\\\\node_modules\\\\firebase-functions\\\\lib\\\\index.js\"}}"}}
[debug] [2021-01-27T20:28:06.281Z] [runtime-status] [12068] Resolved module firebase-functions {"declared":true,"installed":true,"version":"3.13.1","resolution":"C:\\Users\\seang\\OneDrive\\Desktop\\Coding\\Projects\\amazon-clone\\functions\\node_modules\\firebase-functions\\lib\\index.js"} {"metadata":{"emulator":{"name":"functions"},"message":"[runtime-status] [12068] Resolved module firebase-functions {\"declared\":true,\"installed\":true,\"version\":\"3.13.1\",\"resolution\":\"C:\\\\Users\\\\seang\\\\OneDrive\\\\Desktop\\\\Coding\\\\Projects\\\\amazon-clone\\\\functions\\\\node_modules\\\\firebase-functions\\\\lib\\\\index.js\"}"}}
[debug] [2021-01-27T20:28:06.282Z] [runtime-status] [12068] Resolved module firebase-admin {"declared":true,"installed":true,"version":"9.4.2","resolution":"C:\\Users\\seang\\OneDrive\\Desktop\\Coding\\Projects\\amazon-clone\\functions\\node_modules\\firebase-admin\\lib\\index.js"} {"metadata":{"emulator":{"name":"functions"},"message":"[runtime-status] [12068] Resolved module firebase-admin {\"declared\":true,\"installed\":true,\"version\":\"9.4.2\",\"resolution\":\"C:\\\\Users\\\\seang\\\\OneDrive\\\\Desktop\\\\Coding\\\\Projects\\\\amazon-clone\\\\functions\\\\node_modules\\\\firebase-admin\\\\lib\\\\index.js\"}"}}
[debug] [2021-01-27T20:28:06.283Z] [runtime-status] [12068] Resolved module firebase-functions {"declared":true,"installed":true,"version":"3.13.1","resolution":"C:\\Users\\seang\\OneDrive\\Desktop\\Coding\\Projects\\amazon-clone\\functions\\node_modules\\firebase-functions\\lib\\index.js"} {"metadata":{"emulator":{"name":"functions"},"message":"[runtime-status] [12068] Resolved module firebase-functions {\"declared\":true,\"installed\":true,\"version\":\"3.13.1\",\"resolution\":\"C:\\\\Users\\\\seang\\\\OneDrive\\\\Desktop\\\\Coding\\\\Projects\\\\amazon-clone\\\\functions\\\\node_modules\\\\firebase-functions\\\\lib\\\\index.js\"}"}}
[debug] [2021-01-27T20:28:06.283Z] [runtime-status] [12068] firebase-admin has been stubbed. {"adminResolution":{"declared":true,"installed":true,"version":"9.4.2","resolution":"C:\\Users\\seang\\OneDrive\\Desktop\\Coding\\Projects\\amazon-clone\\functions\\node_modules\\firebase-admin\\lib\\index.js"}} {"metadata":{"emulator":{"name":"functions"},"message":"[runtime-status] [12068] firebase-admin has been stubbed. {\"adminResolution\":{\"declared\":true,\"installed\":true,\"version\":\"9.4.2\",\"resolution\":\"C:\\\\Users\\\\seang\\\\OneDrive\\\\Desktop\\\\Coding\\\\Projects\\\\amazon-clone\\\\functions\\\\node_modules\\\\firebase-admin\\\\lib\\\\index.js\"}}"}}
[info] +  functions[api]: http function initialized (http://localhost:5001/clone-73b51/us-central1/api). {"metadata":{"emulator":{"name":"functions"},"message":"\u001b[1mhttp\u001b[22m function initialized (http://localhost:5001/clone-73b51/us-central1/api)."}}
[info] 
┌─────────────────────────────────────────────────────────────┐
│ ✔  All emulators ready! It is now safe to connect your app. │
│ i  View Emulator UI at http://localhost:4000                │
└─────────────────────────────────────────────────────────────┘

┌───────────┬────────────────┬─────────────────────────────────┐
│ Emulator  │ Host:Port      │ View in Emulator UI             │
├───────────┼────────────────┼─────────────────────────────────┤
│ Functions │ localhost:5001 │ http://localhost:4000/functions │
├───────────┼────────────────┼─────────────────────────────────┤
│ Hosting   │ localhost:5000 │ n/a                             │
└───────────┴────────────────┴─────────────────────────────────┘
  Emulator Hub running at localhost:4400
  Other reserved ports: 4500

Issues? Report them at https://github.com/firebase/firebase-tools/issues and attach the *-debug.log files.
 
[debug] [2021-01-27T20:28:06.569Z] [worker-~diagnostic~-3533ca69-de2d-4a70-a76b-b64818402942]: IDLE {"metadata":{"emulator":{"name":"functions"},"message":"[worker-~diagnostic~-3533ca69-de2d-4a70-a76b-b64818402942]: IDLE"}}
[debug] [2021-01-27T20:28:14.343Z] [work-queue] {"queueLength":1,"workRunningCount":0}
[debug] [2021-01-27T20:28:14.344Z] [work-queue] {"queueLength":0,"workRunningCount":1}
[debug] [2021-01-27T20:28:14.345Z] Accepted request GET /clone-73b51/us-central1/api --> api
[debug] [2021-01-27T20:28:14.353Z] [worker-pool] addWorker(api) {"metadata":{"emulator":{"name":"functions"},"message":"[worker-pool] addWorker(api)"}}
[debug] [2021-01-27T20:28:14.354Z] [worker-pool] Adding worker with key api, total=1 {"metadata":{"emulator":{"name":"functions"},"message":"[worker-pool] Adding worker with key api, total=1"}}
[debug] [2021-01-27T20:28:14.354Z] [worker-pool] submitWork(triggerId=api) {"metadata":{"emulator":{"name":"functions"},"message":"[worker-pool] submitWork(triggerId=api)"}}
[debug] [2021-01-27T20:28:14.354Z] [worker-api-241385d5-0364-4df9-ae0b-e78b37a7b392]: Assigning socketPath: \\?\pipe\C:\Users\seang\OneDrive\Desktop\Coding\Projects\amazon-clone\functions\9272 {"metadata":{"emulator":{"name":"functions"},"message":"[worker-api-241385d5-0364-4df9-ae0b-e78b37a7b392]: Assigning socketPath: \\\\?\\pipe\\C:\\Users\\seang\\OneDrive\\Desktop\\Coding\\Projects\\amazon-clone\\functions\\9272"}}
[debug] [2021-01-27T20:28:14.354Z] [worker-api-241385d5-0364-4df9-ae0b-e78b37a7b392]: BUSY {"metadata":{"emulator":{"name":"functions"},"message":"[worker-api-241385d5-0364-4df9-ae0b-e78b37a7b392]: BUSY"}}
[debug] [2021-01-27T20:28:14.818Z] [runtime-status] [9272] Functions runtime initialized. {"cwd":"C:\\Users\\seang\\OneDrive\\Desktop\\Coding\\Projects\\amazon-clone\\functions","node_version":"14.15.4"} {"metadata":{"emulator":{"name":"functions"},"function":{"name":"api"},"message":"[runtime-status] [9272] Functions runtime initialized. {\"cwd\":\"C:\\\\Users\\\\seang\\\\OneDrive\\\\Desktop\\\\Coding\\\\Projects\\\\amazon-clone\\\\functions\",\"node_version\":\"14.15.4\"}"}}
[debug] [2021-01-27T20:28:14.822Z] [runtime-status] [9272] Disabled runtime features: undefined {"metadata":{"emulator":{"name":"functions"},"function":{"name":"api"},"message":"[runtime-status] [9272] Disabled runtime features: undefined"}}
[debug] [2021-01-27T20:28:14.830Z] [runtime-status] [9272] Resolved module firebase-admin {"declared":true,"installed":true,"version":"9.4.2","resolution":"C:\\Users\\seang\\OneDrive\\Desktop\\Coding\\Projects\\amazon-clone\\functions\\node_modules\\firebase-admin\\lib\\index.js"} {"metadata":{"emulator":{"name":"functions"},"function":{"name":"api"},"message":"[runtime-status] [9272] Resolved module firebase-admin {\"declared\":true,\"installed\":true,\"version\":\"9.4.2\",\"resolution\":\"C:\\\\Users\\\\seang\\\\OneDrive\\\\Desktop\\\\Coding\\\\Projects\\\\amazon-clone\\\\functions\\\\node_modules\\\\firebase-admin\\\\lib\\\\index.js\"}"}}
[debug] [2021-01-27T20:28:14.832Z] [runtime-status] [9272] Resolved module firebase-functions {"declared":true,"installed":true,"version":"3.13.1","resolution":"C:\\Users\\seang\\OneDrive\\Desktop\\Coding\\Projects\\amazon-clone\\functions\\node_modules\\firebase-functions\\lib\\index.js"} {"metadata":{"emulator":{"name":"functions"},"function":{"name":"api"},"message":"[runtime-status] [9272] Resolved module firebase-functions {\"declared\":true,\"installed\":true,\"version\":\"3.13.1\",\"resolution\":\"C:\\\\Users\\\\seang\\\\OneDrive\\\\Desktop\\\\Coding\\\\Projects\\\\amazon-clone\\\\functions\\\\node_modules\\\\firebase-functions\\\\lib\\\\index.js\"}"}}
[debug] [2021-01-27T20:28:14.835Z] [runtime-status] [9272] Resolved module firebase-functions {"declared":true,"installed":true,"version":"3.13.1","resolution":"C:\\Users\\seang\\OneDrive\\Desktop\\Coding\\Projects\\amazon-clone\\functions\\node_modules\\firebase-functions\\lib\\index.js"} {"metadata":{"emulator":{"name":"functions"},"function":{"name":"api"},"message":"[runtime-status] [9272] Resolved module firebase-functions {\"declared\":true,\"installed\":true,\"version\":\"3.13.1\",\"resolution\":\"C:\\\\Users\\\\seang\\\\OneDrive\\\\Desktop\\\\Coding\\\\Projects\\\\amazon-clone\\\\functions\\\\node_modules\\\\firebase-functions\\\\lib\\\\index.js\"}"}}
[debug] [2021-01-27T20:28:14.837Z] [runtime-status] [9272] Outgoing network have been stubbed. [{"name":"http","status":"mocked"},{"name":"http","status":"mocked"},{"name":"https","status":"mocked"},{"name":"https","status":"mocked"},{"name":"net","status":"mocked"}] {"metadata":{"emulator":{"name":"functions"},"function":{"name":"api"},"message":"[runtime-status] [9272] Outgoing network have been stubbed. [{\"name\":\"http\",\"status\":\"mocked\"},{\"name\":\"http\",\"status\":\"mocked\"},{\"name\":\"https\",\"status\":\"mocked\"},{\"name\":\"https\",\"status\":\"mocked\"},{\"name\":\"net\",\"status\":\"mocked\"}]"}}
[debug] [2021-01-27T20:28:14.838Z] [runtime-status] [9272] Resolved module firebase-functions {"declared":true,"installed":true,"version":"3.13.1","resolution":"C:\\Users\\seang\\OneDrive\\Desktop\\Coding\\Projects\\amazon-clone\\functions\\node_modules\\firebase-functions\\lib\\index.js"} {"metadata":{"emulator":{"name":"functions"},"function":{"name":"api"},"message":"[runtime-status] [9272] Resolved module firebase-functions {\"declared\":true,\"installed\":true,\"version\":\"3.13.1\",\"resolution\":\"C:\\\\Users\\\\seang\\\\OneDrive\\\\Desktop\\\\Coding\\\\Projects\\\\amazon-clone\\\\functions\\\\node_modules\\\\firebase-functions\\\\lib\\\\index.js\"}"}}
[debug] [2021-01-27T20:28:14.920Z] [runtime-status] [9272] Checked functions.config() {"config":{}} {"metadata":{"emulator":{"name":"functions"},"function":{"name":"api"},"message":"[runtime-status] [9272] Checked functions.config() {\"config\":{}}"}}
[debug] [2021-01-27T20:28:14.921Z] [runtime-status] [9272] firebase-functions has been stubbed. {"functionsResolution":{"declared":true,"installed":true,"version":"3.13.1","resolution":"C:\\Users\\seang\\OneDrive\\Desktop\\Coding\\Projects\\amazon-clone\\functions\\node_modules\\firebase-functions\\lib\\index.js"}} {"metadata":{"emulator":{"name":"functions"},"function":{"name":"api"},"message":"[runtime-status] [9272] firebase-functions has been stubbed. {\"functionsResolution\":{\"declared\":true,\"installed\":true,\"version\":\"3.13.1\",\"resolution\":\"C:\\\\Users\\\\seang\\\\OneDrive\\\\Desktop\\\\Coding\\\\Projects\\\\amazon-clone\\\\functions\\\\node_modules\\\\firebase-functions\\\\lib\\\\index.js\"}}"}}
[debug] [2021-01-27T20:28:14.922Z] [runtime-status] [9272] Resolved module firebase-functions {"declared":true,"installed":true,"version":"3.13.1","resolution":"C:\\Users\\seang\\OneDrive\\Desktop\\Coding\\Projects\\amazon-clone\\functions\\node_modules\\firebase-functions\\lib\\index.js"} {"metadata":{"emulator":{"name":"functions"},"function":{"name":"api"},"message":"[runtime-status] [9272] Resolved module firebase-functions {\"declared\":true,\"installed\":true,\"version\":\"3.13.1\",\"resolution\":\"C:\\\\Users\\\\seang\\\\OneDrive\\\\Desktop\\\\Coding\\\\Projects\\\\amazon-clone\\\\functions\\\\node_modules\\\\firebase-functions\\\\lib\\\\index.js\"}"}}
[debug] [2021-01-27T20:28:14.926Z] [runtime-status] [9272] Resolved module firebase-admin {"declared":true,"installed":true,"version":"9.4.2","resolution":"C:\\Users\\seang\\OneDrive\\Desktop\\Coding\\Projects\\amazon-clone\\functions\\node_modules\\firebase-admin\\lib\\index.js"} {"metadata":{"emulator":{"name":"functions"},"function":{"name":"api"},"message":"[runtime-status] [9272] Resolved module firebase-admin {\"declared\":true,\"installed\":true,\"version\":\"9.4.2\",\"resolution\":\"C:\\\\Users\\\\seang\\\\OneDrive\\\\Desktop\\\\Coding\\\\Projects\\\\amazon-clone\\\\functions\\\\node_modules\\\\firebase-admin\\\\lib\\\\index.js\"}"}}
[debug] [2021-01-27T20:28:14.927Z] [runtime-status] [9272] Resolved module firebase-functions {"declared":true,"installed":true,"version":"3.13.1","resolution":"C:\\Users\\seang\\OneDrive\\Desktop\\Coding\\Projects\\amazon-clone\\functions\\node_modules\\firebase-functions\\lib\\index.js"} {"metadata":{"emulator":{"name":"functions"},"function":{"name":"api"},"message":"[runtime-status] [9272] Resolved module firebase-functions {\"declared\":true,\"installed\":true,\"version\":\"3.13.1\",\"resolution\":\"C:\\\\Users\\\\seang\\\\OneDrive\\\\Desktop\\\\Coding\\\\Projects\\\\amazon-clone\\\\functions\\\\node_modules\\\\firebase-functions\\\\lib\\\\index.js\"}"}}
[debug] [2021-01-27T20:28:14.928Z] [runtime-status] [9272] firebase-admin has been stubbed. {"adminResolution":{"declared":true,"installed":true,"version":"9.4.2","resolution":"C:\\Users\\seang\\OneDrive\\Desktop\\Coding\\Projects\\amazon-clone\\functions\\node_modules\\firebase-admin\\lib\\index.js"}} {"metadata":{"emulator":{"name":"functions"},"function":{"name":"api"},"message":"[runtime-status] [9272] firebase-admin has been stubbed. {\"adminResolution\":{\"declared\":true,\"installed\":true,\"version\":\"9.4.2\",\"resolution\":\"C:\\\\Users\\\\seang\\\\OneDrive\\\\Desktop\\\\Coding\\\\Projects\\\\amazon-clone\\\\functions\\\\node_modules\\\\firebase-admin\\\\lib\\\\index.js\"}}"}}
[debug] [2021-01-27T20:28:15.251Z] [runtime-status] [9272] Trigger "api" has been found, beginning invocation! {"metadata":{"emulator":{"name":"functions"},"function":{"name":"api"},"message":"[runtime-status] [9272] Trigger \"api\" has been found, beginning invocation!"}}
[info] i  functions: Beginning execution of "api" {"metadata":{"emulator":{"name":"functions"},"function":{"name":"api"},"message":"Beginning execution of \"api\""}}
[debug] [2021-01-27T20:28:15.253Z] [runtime-status] [9272] triggerDefinition {"httpsTrigger":{},"name":"api","entryPoint":"api"} {"metadata":{"emulator":{"name":"functions"},"function":{"name":"api"},"message":"[runtime-status] [9272] triggerDefinition {\"httpsTrigger\":{},\"name\":\"api\",\"entryPoint\":\"api\"}"}}
[debug] [2021-01-27T20:28:15.254Z] [runtime-status] [9272] Running api in mode HTTPS {"metadata":{"emulator":{"name":"functions"},"function":{"name":"api"},"message":"[runtime-status] [9272] Running api in mode HTTPS"}}
[debug] [2021-01-27T20:28:15.263Z] [runtime-status] [9272] Attempting to listen to socketPath: \\?\pipe\C:\Users\seang\OneDrive\Desktop\Coding\Projects\amazon-clone\functions\9272 {"metadata":{"emulator":{"name":"functions"},"function":{"name":"api"},"message":"[runtime-status] [9272] Attempting to listen to socketPath: \\\\?\\pipe\\C:\\Users\\seang\\OneDrive\\Desktop\\Coding\\Projects\\amazon-clone\\functions\\9272"}}
[debug] [2021-01-27T20:28:15.268Z] [functions] Runtime ready! Sending request! {"metadata":{"emulator":{"name":"functions"},"message":"[functions] Runtime ready! Sending request!"}}
[debug] [2021-01-27T20:28:15.270Z] [functions] Got req.url=/clone-73b51/us-central1/api, mapping to path=/ {"metadata":{"emulator":{"name":"functions"},"message":"[functions] Got req.url=/clone-73b51/us-central1/api, mapping to path=/"}}
[debug] [2021-01-27T20:28:15.303Z] [runtime-status] [9272] Ephemeral server handling GET request {"metadata":{"emulator":{"name":"functions"},"function":{"name":"api"},"message":"[runtime-status] [9272] Ephemeral server handling GET request"}}
[debug] [2021-01-27T20:28:15.318Z] [runtime-status] [9272] Ephemeral server survived. {"metadata":{"emulator":{"name":"functions"},"function":{"name":"api"},"message":"[runtime-status] [9272] Ephemeral server survived."}}
[info] i  functions: Finished "api" in ~1s {"metadata":{"emulator":{"name":"functions"},"function":{"name":"api"},"message":"Finished \"api\" in ~1s"}}
[debug] [2021-01-27T20:28:15.325Z] [worker-api-241385d5-0364-4df9-ae0b-e78b37a7b392]: IDLE {"metadata":{"emulator":{"name":"functions"},"message":"[worker-api-241385d5-0364-4df9-ae0b-e78b37a7b392]: IDLE"}}
[debug] [2021-01-27T20:28:15.326Z] [work-queue] {"queueLength":0,"workRunningCount":0}
[debug] [2021-01-27T20:33:54.156Z] [work-queue] {"queueLength":1,"workRunningCount":0}
[debug] [2021-01-27T20:33:54.157Z] [work-queue] {"queueLength":0,"workRunningCount":1}
[debug] [2021-01-27T20:33:54.157Z] Accepted request POST /clone-73b51/us-central1/api/payments/create?total=47800 --> api
[debug] [2021-01-27T20:33:54.157Z] [worker-pool] submitWork(triggerId=api) {"metadata":{"emulator":{"name":"functions"},"message":"[worker-pool] submitWork(triggerId=api)"}}
[debug] [2021-01-27T20:33:54.157Z] [worker-api-241385d5-0364-4df9-ae0b-e78b37a7b392]: Assigning socketPath: \\?\pipe\C:\Users\seang\OneDrive\Desktop\Coding\Projects\amazon-clone\functions\9272 {"metadata":{"emulator":{"name":"functions"},"message":"[worker-api-241385d5-0364-4df9-ae0b-e78b37a7b392]: Assigning socketPath: \\\\?\\pipe\\C:\\Users\\seang\\OneDrive\\Desktop\\Coding\\Projects\\amazon-clone\\functions\\9272"}}
[debug] [2021-01-27T20:33:54.157Z] [worker-api-241385d5-0364-4df9-ae0b-e78b37a7b392]: BUSY {"metadata":{"emulator":{"name":"functions"},"message":"[worker-api-241385d5-0364-4df9-ae0b-e78b37a7b392]: BUSY"}}
[debug] [2021-01-27T20:33:54.159Z] [runtime-status] [9272] Trigger "api" has been found, beginning invocation! {"metadata":{"emulator":{"name":"functions"},"function":{"name":"api"},"message":"[runtime-status] [9272] Trigger \"api\" has been found, beginning invocation!"}}
[info] i  functions: Beginning execution of "api" {"metadata":{"emulator":{"name":"functions"},"function":{"name":"api"},"message":"Beginning execution of \"api\""}}
[debug] [2021-01-27T20:33:54.161Z] [runtime-status] [9272] triggerDefinition {"httpsTrigger":{},"name":"api","entryPoint":"api"} {"metadata":{"emulator":{"name":"functions"},"function":{"name":"api"},"message":"[runtime-status] [9272] triggerDefinition {\"httpsTrigger\":{},\"name\":\"api\",\"entryPoint\":\"api\"}"}}
[debug] [2021-01-27T20:33:54.161Z] [runtime-status] [9272] Running api in mode HTTPS {"metadata":{"emulator":{"name":"functions"},"function":{"name":"api"},"message":"[runtime-status] [9272] Running api in mode HTTPS"}}
[debug] [2021-01-27T20:33:54.162Z] [runtime-status] [9272] Attempting to listen to socketPath: \\?\pipe\C:\Users\seang\OneDrive\Desktop\Coding\Projects\amazon-clone\functions\9272 {"metadata":{"emulator":{"name":"functions"},"function":{"name":"api"},"message":"[runtime-status] [9272] Attempting to listen to socketPath: \\\\?\\pipe\\C:\\Users\\seang\\OneDrive\\Desktop\\Coding\\Projects\\amazon-clone\\functions\\9272"}}
[debug] [2021-01-27T20:33:54.165Z] [functions] Runtime ready! Sending request! {"metadata":{"emulator":{"name":"functions"},"message":"[functions] Runtime ready! Sending request!"}}
[debug] [2021-01-27T20:33:54.166Z] [functions] Got req.url=/clone-73b51/us-central1/api/payments/create?total=47800, mapping to path=/payments/create?total=47800 {"metadata":{"emulator":{"name":"functions"},"message":"[functions] Got req.url=/clone-73b51/us-central1/api/payments/create?total=47800, mapping to path=/payments/create?total=47800"}}
[debug] [2021-01-27T20:33:54.178Z] [runtime-status] [9272] Ephemeral server handling POST request {"metadata":{"emulator":{"name":"functions"},"function":{"name":"api"},"message":"[runtime-status] [9272] Ephemeral server handling POST request"}}
[info] >  payment req recieved boom 47800 {"user":"payment req recieved boom 47800","metadata":{"emulator":{"name":"functions"},"function":{"name":"api"},"message":"\u001b[90m> \u001b[39m payment req recieved boom 47800"}}
[debug] [2021-01-27T20:33:54.195Z] [runtime-status] [9272] Ephemeral server survived. {"metadata":{"emulator":{"name":"functions"},"function":{"name":"api"},"message":"[runtime-status] [9272] Ephemeral server survived."}}
[info] i  functions: Finished "api" in ~1s {"metadata":{"emulator":{"name":"functions"},"function":{"name":"api"},"message":"Finished \"api\" in ~1s"}}
[debug] [2021-01-27T20:33:54.913Z] [worker-api-241385d5-0364-4df9-ae0b-e78b37a7b392]: IDLE {"metadata":{"emulator":{"name":"functions"},"message":"[worker-api-241385d5-0364-4df9-ae0b-e78b37a7b392]: IDLE"}}
[debug] [2021-01-27T20:33:54.914Z] [work-queue] {"queueLength":0,"workRunningCount":0}
[debug] [2021-01-27T20:36:03.509Z] File C:\Users\seang\OneDrive\Desktop\Coding\Projects\amazon-clone\functions\index.js changed, reloading triggers {"metadata":{"emulator":{"name":"functions"},"message":"File C:\\Users\\seang\\OneDrive\\Desktop\\Coding\\Projects\\amazon-clone\\functions\\index.js changed, reloading triggers"}}
[debug] [2021-01-27T20:36:04.519Z] [worker-pool] Shutting down IDLE worker (~diagnostic~) {"metadata":{"emulator":{"name":"functions"},"message":"[worker-pool] Shutting down IDLE worker (~diagnostic~)"}}
[debug] [2021-01-27T20:36:04.521Z] [worker-~diagnostic~-3533ca69-de2d-4a70-a76b-b64818402942]: FINISHING {"metadata":{"emulator":{"name":"functions"},"message":"[worker-~diagnostic~-3533ca69-de2d-4a70-a76b-b64818402942]: FINISHING"}}
[debug] [2021-01-27T20:36:04.522Z] [worker-pool] Shutting down IDLE worker (api) {"metadata":{"emulator":{"name":"functions"},"message":"[worker-pool] Shutting down IDLE worker (api)"}}
[debug] [2021-01-27T20:36:04.522Z] [worker-api-241385d5-0364-4df9-ae0b-e78b37a7b392]: FINISHING {"metadata":{"emulator":{"name":"functions"},"message":"[worker-api-241385d5-0364-4df9-ae0b-e78b37a7b392]: FINISHING"}}
[debug] [2021-01-27T20:36:04.533Z] [worker-pool] addWorker(~diagnostic~) {"metadata":{"emulator":{"name":"functions"},"message":"[worker-pool] addWorker(~diagnostic~)"}}
[debug] [2021-01-27T20:36:04.534Z] [worker-pool] Adding worker with key ~diagnostic~, total=2 {"metadata":{"emulator":{"name":"functions"},"message":"[worker-pool] Adding worker with key ~diagnostic~, total=2"}}
[debug] [2021-01-27T20:36:04.534Z] [worker-pool] submitWork(triggerId=) {"metadata":{"emulator":{"name":"functions"},"message":"[worker-pool] submitWork(triggerId=)"}}
[debug] [2021-01-27T20:36:04.534Z] [worker-~diagnostic~-89b44c01-f24b-4e89-abed-ca1c18b67d98]: Assigning socketPath: \\?\pipe\C:\Users\seang\OneDrive\Desktop\Coding\Projects\amazon-clone\functions\13496 {"metadata":{"emulator":{"name":"functions"},"message":"[worker-~diagnostic~-89b44c01-f24b-4e89-abed-ca1c18b67d98]: Assigning socketPath: \\\\?\\pipe\\C:\\Users\\seang\\OneDrive\\Desktop\\Coding\\Projects\\amazon-clone\\functions\\13496"}}
[debug] [2021-01-27T20:36:04.535Z] [worker-~diagnostic~-89b44c01-f24b-4e89-abed-ca1c18b67d98]: BUSY {"metadata":{"emulator":{"name":"functions"},"message":"[worker-~diagnostic~-89b44c01-f24b-4e89-abed-ca1c18b67d98]: BUSY"}}
[debug] [2021-01-27T20:36:04.537Z] [worker-~diagnostic~-3533ca69-de2d-4a70-a76b-b64818402942]: exited {"metadata":{"emulator":{"name":"functions"},"message":"[worker-~diagnostic~-3533ca69-de2d-4a70-a76b-b64818402942]: exited"}}
[debug] [2021-01-27T20:36:04.538Z] [worker-~diagnostic~-3533ca69-de2d-4a70-a76b-b64818402942]: FINISHED {"metadata":{"emulator":{"name":"functions"},"message":"[worker-~diagnostic~-3533ca69-de2d-4a70-a76b-b64818402942]: FINISHED"}}
[debug] [2021-01-27T20:36:04.542Z] [worker-api-241385d5-0364-4df9-ae0b-e78b37a7b392]: exited {"metadata":{"emulator":{"name":"functions"},"message":"[worker-api-241385d5-0364-4df9-ae0b-e78b37a7b392]: exited"}}
[debug] [2021-01-27T20:36:04.542Z] [worker-api-241385d5-0364-4df9-ae0b-e78b37a7b392]: FINISHED {"metadata":{"emulator":{"name":"functions"},"message":"[worker-api-241385d5-0364-4df9-ae0b-e78b37a7b392]: FINISHED"}}
[debug] [2021-01-27T20:36:05.026Z] [runtime-status] [13496] Functions runtime initialized. {"cwd":"C:\\Users\\seang\\OneDrive\\Desktop\\Coding\\Projects\\amazon-clone\\functions","node_version":"14.15.4"} {"metadata":{"emulator":{"name":"functions"},"message":"[runtime-status] [13496] Functions runtime initialized. {\"cwd\":\"C:\\\\Users\\\\seang\\\\OneDrive\\\\Desktop\\\\Coding\\\\Projects\\\\amazon-clone\\\\functions\",\"node_version\":\"14.15.4\"}"}}
[debug] [2021-01-27T20:36:05.034Z] [runtime-status] [13496] Disabled runtime features: undefined {"metadata":{"emulator":{"name":"functions"},"message":"[runtime-status] [13496] Disabled runtime features: undefined"}}
[debug] [2021-01-27T20:36:05.042Z] [runtime-status] [13496] Resolved module firebase-admin {"declared":true,"installed":true,"version":"9.4.2","resolution":"C:\\Users\\seang\\OneDrive\\Desktop\\Coding\\Projects\\amazon-clone\\functions\\node_modules\\firebase-admin\\lib\\index.js"} {"metadata":{"emulator":{"name":"functions"},"message":"[runtime-status] [13496] Resolved module firebase-admin {\"declared\":true,\"installed\":true,\"version\":\"9.4.2\",\"resolution\":\"C:\\\\Users\\\\seang\\\\OneDrive\\\\Desktop\\\\Coding\\\\Projects\\\\amazon-clone\\\\functions\\\\node_modules\\\\firebase-admin\\\\lib\\\\index.js\"}"}}
[debug] [2021-01-27T20:36:05.046Z] [runtime-status] [13496] Resolved module firebase-functions {"declared":true,"installed":true,"version":"3.13.1","resolution":"C:\\Users\\seang\\OneDrive\\Desktop\\Coding\\Projects\\amazon-clone\\functions\\node_modules\\firebase-functions\\lib\\index.js"} {"metadata":{"emulator":{"name":"functions"},"message":"[runtime-status] [13496] Resolved module firebase-functions {\"declared\":true,\"installed\":true,\"version\":\"3.13.1\",\"resolution\":\"C:\\\\Users\\\\seang\\\\OneDrive\\\\Desktop\\\\Coding\\\\Projects\\\\amazon-clone\\\\functions\\\\node_modules\\\\firebase-functions\\\\lib\\\\index.js\"}"}}
[debug] [2021-01-27T20:36:05.050Z] [runtime-status] [13496] Resolved module firebase-functions {"declared":true,"installed":true,"version":"3.13.1","resolution":"C:\\Users\\seang\\OneDrive\\Desktop\\Coding\\Projects\\amazon-clone\\functions\\node_modules\\firebase-functions\\lib\\index.js"} {"metadata":{"emulator":{"name":"functions"},"message":"[runtime-status] [13496] Resolved module firebase-functions {\"declared\":true,\"installed\":true,\"version\":\"3.13.1\",\"resolution\":\"C:\\\\Users\\\\seang\\\\OneDrive\\\\Desktop\\\\Coding\\\\Projects\\\\amazon-clone\\\\functions\\\\node_modules\\\\firebase-functions\\\\lib\\\\index.js\"}"}}
[debug] [2021-01-27T20:36:05.054Z] [runtime-status] [13496] Outgoing network have been stubbed. [{"name":"http","status":"mocked"},{"name":"http","status":"mocked"},{"name":"https","status":"mocked"},{"name":"https","status":"mocked"},{"name":"net","status":"mocked"}] {"metadata":{"emulator":{"name":"functions"},"message":"[runtime-status] [13496] Outgoing network have been stubbed. [{\"name\":\"http\",\"status\":\"mocked\"},{\"name\":\"http\",\"status\":\"mocked\"},{\"name\":\"https\",\"status\":\"mocked\"},{\"name\":\"https\",\"status\":\"mocked\"},{\"name\":\"net\",\"status\":\"mocked\"}]"}}
[debug] [2021-01-27T20:36:05.056Z] [runtime-status] [13496] Resolved module firebase-functions {"declared":true,"installed":true,"version":"3.13.1","resolution":"C:\\Users\\seang\\OneDrive\\Desktop\\Coding\\Projects\\amazon-clone\\functions\\node_modules\\firebase-functions\\lib\\index.js"} {"metadata":{"emulator":{"name":"functions"},"message":"[runtime-status] [13496] Resolved module firebase-functions {\"declared\":true,\"installed\":true,\"version\":\"3.13.1\",\"resolution\":\"C:\\\\Users\\\\seang\\\\OneDrive\\\\Desktop\\\\Coding\\\\Projects\\\\amazon-clone\\\\functions\\\\node_modules\\\\firebase-functions\\\\lib\\\\index.js\"}"}}
[debug] [2021-01-27T20:36:05.216Z] [runtime-status] [13496] Checked functions.config() {"config":{}} {"metadata":{"emulator":{"name":"functions"},"message":"[runtime-status] [13496] Checked functions.config() {\"config\":{}}"}}
[debug] [2021-01-27T20:36:05.216Z] [runtime-status] [13496] firebase-functions has been stubbed. {"functionsResolution":{"declared":true,"installed":true,"version":"3.13.1","resolution":"C:\\Users\\seang\\OneDrive\\Desktop\\Coding\\Projects\\amazon-clone\\functions\\node_modules\\firebase-functions\\lib\\index.js"}} {"metadata":{"emulator":{"name":"functions"},"message":"[runtime-status] [13496] firebase-functions has been stubbed. {\"functionsResolution\":{\"declared\":true,\"installed\":true,\"version\":\"3.13.1\",\"resolution\":\"C:\\\\Users\\\\seang\\\\OneDrive\\\\Desktop\\\\Coding\\\\Projects\\\\amazon-clone\\\\functions\\\\node_modules\\\\firebase-functions\\\\lib\\\\index.js\"}}"}}
[debug] [2021-01-27T20:36:05.219Z] [runtime-status] [13496] Resolved module firebase-functions {"declared":true,"installed":true,"version":"3.13.1","resolution":"C:\\Users\\seang\\OneDrive\\Desktop\\Coding\\Projects\\amazon-clone\\functions\\node_modules\\firebase-functions\\lib\\index.js"} {"metadata":{"emulator":{"name":"functions"},"message":"[runtime-status] [13496] Resolved module firebase-functions {\"declared\":true,\"installed\":true,\"version\":\"3.13.1\",\"resolution\":\"C:\\\\Users\\\\seang\\\\OneDrive\\\\Desktop\\\\Coding\\\\Projects\\\\amazon-clone\\\\functions\\\\node_modules\\\\firebase-functions\\\\lib\\\\index.js\"}"}}
[debug] [2021-01-27T20:36:05.224Z] [runtime-status] [13496] Resolved module firebase-admin {"declared":true,"installed":true,"version":"9.4.2","resolution":"C:\\Users\\seang\\OneDrive\\Desktop\\Coding\\Projects\\amazon-clone\\functions\\node_modules\\firebase-admin\\lib\\index.js"} {"metadata":{"emulator":{"name":"functions"},"message":"[runtime-status] [13496] Resolved module firebase-admin {\"declared\":true,\"installed\":true,\"version\":\"9.4.2\",\"resolution\":\"C:\\\\Users\\\\seang\\\\OneDrive\\\\Desktop\\\\Coding\\\\Projects\\\\amazon-clone\\\\functions\\\\node_modules\\\\firebase-admin\\\\lib\\\\index.js\"}"}}
[debug] [2021-01-27T20:36:05.226Z] [runtime-status] [13496] Resolved module firebase-functions {"declared":true,"installed":true,"version":"3.13.1","resolution":"C:\\Users\\seang\\OneDrive\\Desktop\\Coding\\Projects\\amazon-clone\\functions\\node_modules\\firebase-functions\\lib\\index.js"} {"metadata":{"emulator":{"name":"functions"},"message":"[runtime-status] [13496] Resolved module firebase-functions {\"declared\":true,\"installed\":true,\"version\":\"3.13.1\",\"resolution\":\"C:\\\\Users\\\\seang\\\\OneDrive\\\\Desktop\\\\Coding\\\\Projects\\\\amazon-clone\\\\functions\\\\node_modules\\\\firebase-functions\\\\lib\\\\index.js\"}"}}
[debug] [2021-01-27T20:36:05.227Z] [runtime-status] [13496] firebase-admin has been stubbed. {"adminResolution":{"declared":true,"installed":true,"version":"9.4.2","resolution":"C:\\Users\\seang\\OneDrive\\Desktop\\Coding\\Projects\\amazon-clone\\functions\\node_modules\\firebase-admin\\lib\\index.js"}} {"metadata":{"emulator":{"name":"functions"},"message":"[runtime-status] [13496] firebase-admin has been stubbed. {\"adminResolution\":{\"declared\":true,\"installed\":true,\"version\":\"9.4.2\",\"resolution\":\"C:\\\\Users\\\\seang\\\\OneDrive\\\\Desktop\\\\Coding\\\\Projects\\\\amazon-clone\\\\functions\\\\node_modules\\\\firebase-admin\\\\lib\\\\index.js\"}}"}}
[debug] [2021-01-27T20:36:05.766Z] [worker-~diagnostic~-89b44c01-f24b-4e89-abed-ca1c18b67d98]: IDLE {"metadata":{"emulator":{"name":"functions"},"message":"[worker-~diagnostic~-89b44c01-f24b-4e89-abed-ca1c18b67d98]: IDLE"}}
[debug] [2021-01-27T20:36:27.982Z] [work-queue] {"queueLength":1,"workRunningCount":0}
[debug] [2021-01-27T20:36:27.982Z] [work-queue] {"queueLength":0,"workRunningCount":1}
[debug] [2021-01-27T20:36:27.983Z] Accepted request POST /clone-73b51/us-central1/api/payments/create?total=167798 --> api
[debug] [2021-01-27T20:36:27.983Z] [worker-pool] Cleaned up workers for ~diagnostic~: 2 --> 1 {"metadata":{"emulator":{"name":"functions"},"message":"[worker-pool] Cleaned up workers for ~diagnostic~: 2 --> 1"}}
[debug] [2021-01-27T20:36:27.983Z] [worker-pool] Cleaned up workers for api: 1 --> 0 {"metadata":{"emulator":{"name":"functions"},"message":"[worker-pool] Cleaned up workers for api: 1 --> 0"}}
[debug] [2021-01-27T20:36:27.992Z] [worker-pool] addWorker(api) {"metadata":{"emulator":{"name":"functions"},"message":"[worker-pool] addWorker(api)"}}
[debug] [2021-01-27T20:36:27.992Z] [worker-pool] Adding worker with key api, total=1 {"metadata":{"emulator":{"name":"functions"},"message":"[worker-pool] Adding worker with key api, total=1"}}
[debug] [2021-01-27T20:36:27.992Z] [worker-pool] submitWork(triggerId=api) {"metadata":{"emulator":{"name":"functions"},"message":"[worker-pool] submitWork(triggerId=api)"}}
[debug] [2021-01-27T20:36:27.993Z] [worker-api-8a62c3af-43c9-4cf2-a605-6280d398e6d0]: Assigning socketPath: \\?\pipe\C:\Users\seang\OneDrive\Desktop\Coding\Projects\amazon-clone\functions\11704 {"metadata":{"emulator":{"name":"functions"},"message":"[worker-api-8a62c3af-43c9-4cf2-a605-6280d398e6d0]: Assigning socketPath: \\\\?\\pipe\\C:\\Users\\seang\\OneDrive\\Desktop\\Coding\\Projects\\amazon-clone\\functions\\11704"}}
[debug] [2021-01-27T20:36:27.993Z] [worker-api-8a62c3af-43c9-4cf2-a605-6280d398e6d0]: BUSY {"metadata":{"emulator":{"name":"functions"},"message":"[worker-api-8a62c3af-43c9-4cf2-a605-6280d398e6d0]: BUSY"}}
[debug] [2021-01-27T20:36:28.325Z] [runtime-status] [11704] Functions runtime initialized. {"cwd":"C:\\Users\\seang\\OneDrive\\Desktop\\Coding\\Projects\\amazon-clone\\functions","node_version":"14.15.4"} {"metadata":{"emulator":{"name":"functions"},"function":{"name":"api"},"message":"[runtime-status] [11704] Functions runtime initialized. {\"cwd\":\"C:\\\\Users\\\\seang\\\\OneDrive\\\\Desktop\\\\Coding\\\\Projects\\\\amazon-clone\\\\functions\",\"node_version\":\"14.15.4\"}"}}
[debug] [2021-01-27T20:36:28.328Z] [runtime-status] [11704] Disabled runtime features: undefined {"metadata":{"emulator":{"name":"functions"},"function":{"name":"api"},"message":"[runtime-status] [11704] Disabled runtime features: undefined"}}
[debug] [2021-01-27T20:36:28.333Z] [runtime-status] [11704] Resolved module firebase-admin {"declared":true,"installed":true,"version":"9.4.2","resolution":"C:\\Users\\seang\\OneDrive\\Desktop\\Coding\\Projects\\amazon-clone\\functions\\node_modules\\firebase-admin\\lib\\index.js"} {"metadata":{"emulator":{"name":"functions"},"function":{"name":"api"},"message":"[runtime-status] [11704] Resolved module firebase-admin {\"declared\":true,\"installed\":true,\"version\":\"9.4.2\",\"resolution\":\"C:\\\\Users\\\\seang\\\\OneDrive\\\\Desktop\\\\Coding\\\\Projects\\\\amazon-clone\\\\functions\\\\node_modules\\\\firebase-admin\\\\lib\\\\index.js\"}"}}
[debug] [2021-01-27T20:36:28.336Z] [runtime-status] [11704] Resolved module firebase-functions {"declared":true,"installed":true,"version":"3.13.1","resolution":"C:\\Users\\seang\\OneDrive\\Desktop\\Coding\\Projects\\amazon-clone\\functions\\node_modules\\firebase-functions\\lib\\index.js"} {"metadata":{"emulator":{"name":"functions"},"function":{"name":"api"},"message":"[runtime-status] [11704] Resolved module firebase-functions {\"declared\":true,\"installed\":true,\"version\":\"3.13.1\",\"resolution\":\"C:\\\\Users\\\\seang\\\\OneDrive\\\\Desktop\\\\Coding\\\\Projects\\\\amazon-clone\\\\functions\\\\node_modules\\\\firebase-functions\\\\lib\\\\index.js\"}"}}
[debug] [2021-01-27T20:36:28.338Z] [runtime-status] [11704] Resolved module firebase-functions {"declared":true,"installed":true,"version":"3.13.1","resolution":"C:\\Users\\seang\\OneDrive\\Desktop\\Coding\\Projects\\amazon-clone\\functions\\node_modules\\firebase-functions\\lib\\index.js"} {"metadata":{"emulator":{"name":"functions"},"function":{"name":"api"},"message":"[runtime-status] [11704] Resolved module firebase-functions {\"declared\":true,\"installed\":true,\"version\":\"3.13.1\",\"resolution\":\"C:\\\\Users\\\\seang\\\\OneDrive\\\\Desktop\\\\Coding\\\\Projects\\\\amazon-clone\\\\functions\\\\node_modules\\\\firebase-functions\\\\lib\\\\index.js\"}"}}
[debug] [2021-01-27T20:36:28.341Z] [runtime-status] [11704] Outgoing network have been stubbed. [{"name":"http","status":"mocked"},{"name":"http","status":"mocked"},{"name":"https","status":"mocked"},{"name":"https","status":"mocked"},{"name":"net","status":"mocked"}] {"metadata":{"emulator":{"name":"functions"},"function":{"name":"api"},"message":"[runtime-status] [11704] Outgoing network have been stubbed. [{\"name\":\"http\",\"status\":\"mocked\"},{\"name\":\"http\",\"status\":\"mocked\"},{\"name\":\"https\",\"status\":\"mocked\"},{\"name\":\"https\",\"status\":\"mocked\"},{\"name\":\"net\",\"status\":\"mocked\"}]"}}
[debug] [2021-01-27T20:36:28.342Z] [runtime-status] [11704] Resolved module firebase-functions {"declared":true,"installed":true,"version":"3.13.1","resolution":"C:\\Users\\seang\\OneDrive\\Desktop\\Coding\\Projects\\amazon-clone\\functions\\node_modules\\firebase-functions\\lib\\index.js"} {"metadata":{"emulator":{"name":"functions"},"function":{"name":"api"},"message":"[runtime-status] [11704] Resolved module firebase-functions {\"declared\":true,\"installed\":true,\"version\":\"3.13.1\",\"resolution\":\"C:\\\\Users\\\\seang\\\\OneDrive\\\\Desktop\\\\Coding\\\\Projects\\\\amazon-clone\\\\functions\\\\node_modules\\\\firebase-functions\\\\lib\\\\index.js\"}"}}
[debug] [2021-01-27T20:36:28.408Z] [runtime-status] [11704] Checked functions.config() {"config":{}} {"metadata":{"emulator":{"name":"functions"},"function":{"name":"api"},"message":"[runtime-status] [11704] Checked functions.config() {\"config\":{}}"}}
[debug] [2021-01-27T20:36:28.408Z] [runtime-status] [11704] firebase-functions has been stubbed. {"functionsResolution":{"declared":true,"installed":true,"version":"3.13.1","resolution":"C:\\Users\\seang\\OneDrive\\Desktop\\Coding\\Projects\\amazon-clone\\functions\\node_modules\\firebase-functions\\lib\\index.js"}} {"metadata":{"emulator":{"name":"functions"},"function":{"name":"api"},"message":"[runtime-status] [11704] firebase-functions has been stubbed. {\"functionsResolution\":{\"declared\":true,\"installed\":true,\"version\":\"3.13.1\",\"resolution\":\"C:\\\\Users\\\\seang\\\\OneDrive\\\\Desktop\\\\Coding\\\\Projects\\\\amazon-clone\\\\functions\\\\node_modules\\\\firebase-functions\\\\lib\\\\index.js\"}}"}}
[debug] [2021-01-27T20:36:28.409Z] [runtime-status] [11704] Resolved module firebase-functions {"declared":true,"installed":true,"version":"3.13.1","resolution":"C:\\Users\\seang\\OneDrive\\Desktop\\Coding\\Projects\\amazon-clone\\functions\\node_modules\\firebase-functions\\lib\\index.js"} {"metadata":{"emulator":{"name":"functions"},"function":{"name":"api"},"message":"[runtime-status] [11704] Resolved module firebase-functions {\"declared\":true,\"installed\":true,\"version\":\"3.13.1\",\"resolution\":\"C:\\\\Users\\\\seang\\\\OneDrive\\\\Desktop\\\\Coding\\\\Projects\\\\amazon-clone\\\\functions\\\\node_modules\\\\firebase-functions\\\\lib\\\\index.js\"}"}}
[debug] [2021-01-27T20:36:28.410Z] [runtime-status] [11704] Resolved module firebase-admin {"declared":true,"installed":true,"version":"9.4.2","resolution":"C:\\Users\\seang\\OneDrive\\Desktop\\Coding\\Projects\\amazon-clone\\functions\\node_modules\\firebase-admin\\lib\\index.js"} {"metadata":{"emulator":{"name":"functions"},"function":{"name":"api"},"message":"[runtime-status] [11704] Resolved module firebase-admin {\"declared\":true,\"installed\":true,\"version\":\"9.4.2\",\"resolution\":\"C:\\\\Users\\\\seang\\\\OneDrive\\\\Desktop\\\\Coding\\\\Projects\\\\amazon-clone\\\\functions\\\\node_modules\\\\firebase-admin\\\\lib\\\\index.js\"}"}}
[debug] [2021-01-27T20:36:28.411Z] [runtime-status] [11704] Resolved module firebase-functions {"declared":true,"installed":true,"version":"3.13.1","resolution":"C:\\Users\\seang\\OneDrive\\Desktop\\Coding\\Projects\\amazon-clone\\functions\\node_modules\\firebase-functions\\lib\\index.js"} {"metadata":{"emulator":{"name":"functions"},"function":{"name":"api"},"message":"[runtime-status] [11704] Resolved module firebase-functions {\"declared\":true,\"installed\":true,\"version\":\"3.13.1\",\"resolution\":\"C:\\\\Users\\\\seang\\\\OneDrive\\\\Desktop\\\\Coding\\\\Projects\\\\amazon-clone\\\\functions\\\\node_modules\\\\firebase-functions\\\\lib\\\\index.js\"}"}}
[debug] [2021-01-27T20:36:28.412Z] [runtime-status] [11704] firebase-admin has been stubbed. {"adminResolution":{"declared":true,"installed":true,"version":"9.4.2","resolution":"C:\\Users\\seang\\OneDrive\\Desktop\\Coding\\Projects\\amazon-clone\\functions\\node_modules\\firebase-admin\\lib\\index.js"}} {"metadata":{"emulator":{"name":"functions"},"function":{"name":"api"},"message":"[runtime-status] [11704] firebase-admin has been stubbed. {\"adminResolution\":{\"declared\":true,\"installed\":true,\"version\":\"9.4.2\",\"resolution\":\"C:\\\\Users\\\\seang\\\\OneDrive\\\\Desktop\\\\Coding\\\\Projects\\\\amazon-clone\\\\functions\\\\node_modules\\\\firebase-admin\\\\lib\\\\index.js\"}}"}}
[debug] [2021-01-27T20:36:28.656Z] [runtime-status] [11704] Trigger "api" has been found, beginning invocation! {"metadata":{"emulator":{"name":"functions"},"function":{"name":"api"},"message":"[runtime-status] [11704] Trigger \"api\" has been found, beginning invocation!"}}
[info] i  functions: Beginning execution of "api" {"metadata":{"emulator":{"name":"functions"},"function":{"name":"api"},"message":"Beginning execution of \"api\""}}
[debug] [2021-01-27T20:36:28.657Z] [runtime-status] [11704] triggerDefinition {"httpsTrigger":{},"name":"api","entryPoint":"api"} {"metadata":{"emulator":{"name":"functions"},"function":{"name":"api"},"message":"[runtime-status] [11704] triggerDefinition {\"httpsTrigger\":{},\"name\":\"api\",\"entryPoint\":\"api\"}"}}
[debug] [2021-01-27T20:36:28.658Z] [runtime-status] [11704] Running api in mode HTTPS {"metadata":{"emulator":{"name":"functions"},"function":{"name":"api"},"message":"[runtime-status] [11704] Running api in mode HTTPS"}}
[debug] [2021-01-27T20:36:28.664Z] [runtime-status] [11704] Attempting to listen to socketPath: \\?\pipe\C:\Users\seang\OneDrive\Desktop\Coding\Projects\amazon-clone\functions\11704 {"metadata":{"emulator":{"name":"functions"},"function":{"name":"api"},"message":"[runtime-status] [11704] Attempting to listen to socketPath: \\\\?\\pipe\\C:\\Users\\seang\\OneDrive\\Desktop\\Coding\\Projects\\amazon-clone\\functions\\11704"}}
[debug] [2021-01-27T20:36:28.670Z] [functions] Runtime ready! Sending request! {"metadata":{"emulator":{"name":"functions"},"message":"[functions] Runtime ready! Sending request!"}}
[debug] [2021-01-27T20:36:28.671Z] [functions] Got req.url=/clone-73b51/us-central1/api/payments/create?total=167798, mapping to path=/payments/create?total=167798 {"metadata":{"emulator":{"name":"functions"},"message":"[functions] Got req.url=/clone-73b51/us-central1/api/payments/create?total=167798, mapping to path=/payments/create?total=167798"}}
[debug] [2021-01-27T20:36:28.688Z] [runtime-status] [11704] Ephemeral server handling POST request {"metadata":{"emulator":{"name":"functions"},"function":{"name":"api"},"message":"[runtime-status] [11704] Ephemeral server handling POST request"}}
[info] >  payment req recieved boom 167798 {"user":"payment req recieved boom 167798","metadata":{"emulator":{"name":"functions"},"function":{"name":"api"},"message":"\u001b[90m> \u001b[39m payment req recieved boom 167798"}}
[debug] [2021-01-27T20:36:28.709Z] [runtime-status] [11704] Ephemeral server survived. {"metadata":{"emulator":{"name":"functions"},"function":{"name":"api"},"message":"[runtime-status] [11704] Ephemeral server survived."}}
[info] i  functions: Finished "api" in ~1s {"metadata":{"emulator":{"name":"functions"},"function":{"name":"api"},"message":"Finished \"api\" in ~1s"}}
[debug] [2021-01-27T20:36:29.170Z] [worker-api-8a62c3af-43c9-4cf2-a605-6280d398e6d0]: IDLE {"metadata":{"emulator":{"name":"functions"},"message":"[worker-api-8a62c3af-43c9-4cf2-a605-6280d398e6d0]: IDLE"}}
[debug] [2021-01-27T20:36:29.170Z] [work-queue] {"queueLength":0,"workRunningCount":0}
[debug] [2021-01-27T20:41:56.370Z] [work-queue] {"queueLength":1,"workRunningCount":0}
[debug] [2021-01-27T20:41:56.371Z] [work-queue] {"queueLength":0,"workRunningCount":1}
[debug] [2021-01-27T20:41:56.371Z] Accepted request POST /clone-73b51/us-central1/api/payments/create?total=167798 --> api
[debug] [2021-01-27T20:41:56.372Z] [worker-pool] submitWork(triggerId=api) {"metadata":{"emulator":{"name":"functions"},"message":"[worker-pool] submitWork(triggerId=api)"}}
[debug] [2021-01-27T20:41:56.372Z] [worker-api-8a62c3af-43c9-4cf2-a605-6280d398e6d0]: Assigning socketPath: \\?\pipe\C:\Users\seang\OneDrive\Desktop\Coding\Projects\amazon-clone\functions\11704 {"metadata":{"emulator":{"name":"functions"},"message":"[worker-api-8a62c3af-43c9-4cf2-a605-6280d398e6d0]: Assigning socketPath: \\\\?\\pipe\\C:\\Users\\seang\\OneDrive\\Desktop\\Coding\\Projects\\amazon-clone\\functions\\11704"}}
[debug] [2021-01-27T20:41:56.372Z] [worker-api-8a62c3af-43c9-4cf2-a605-6280d398e6d0]: BUSY {"metadata":{"emulator":{"name":"functions"},"message":"[worker-api-8a62c3af-43c9-4cf2-a605-6280d398e6d0]: BUSY"}}
[debug] [2021-01-27T20:41:56.374Z] [runtime-status] [11704] Trigger "api" has been found, beginning invocation! {"metadata":{"emulator":{"name":"functions"},"function":{"name":"api"},"message":"[runtime-status] [11704] Trigger \"api\" has been found, beginning invocation!"}}
[info] i  functions: Beginning execution of "api" {"metadata":{"emulator":{"name":"functions"},"function":{"name":"api"},"message":"Beginning execution of \"api\""}}
[debug] [2021-01-27T20:41:56.379Z] [runtime-status] [11704] triggerDefinition {"httpsTrigger":{},"name":"api","entryPoint":"api"} {"metadata":{"emulator":{"name":"functions"},"function":{"name":"api"},"message":"[runtime-status] [11704] triggerDefinition {\"httpsTrigger\":{},\"name\":\"api\",\"entryPoint\":\"api\"}"}}
[debug] [2021-01-27T20:41:56.380Z] [runtime-status] [11704] Running api in mode HTTPS {"metadata":{"emulator":{"name":"functions"},"function":{"name":"api"},"message":"[runtime-status] [11704] Running api in mode HTTPS"}}
[debug] [2021-01-27T20:41:56.381Z] [runtime-status] [11704] Attempting to listen to socketPath: \\?\pipe\C:\Users\seang\OneDrive\Desktop\Coding\Projects\amazon-clone\functions\11704 {"metadata":{"emulator":{"name":"functions"},"function":{"name":"api"},"message":"[runtime-status] [11704] Attempting to listen to socketPath: \\\\?\\pipe\\C:\\Users\\seang\\OneDrive\\Desktop\\Coding\\Projects\\amazon-clone\\functions\\11704"}}
[debug] [2021-01-27T20:41:56.385Z] [functions] Runtime ready! Sending request! {"metadata":{"emulator":{"name":"functions"},"message":"[functions] Runtime ready! Sending request!"}}
[debug] [2021-01-27T20:41:56.386Z] [functions] Got req.url=/clone-73b51/us-central1/api/payments/create?total=167798, mapping to path=/payments/create?total=167798 {"metadata":{"emulator":{"name":"functions"},"message":"[functions] Got req.url=/clone-73b51/us-central1/api/payments/create?total=167798, mapping to path=/payments/create?total=167798"}}
[debug] [2021-01-27T20:41:56.398Z] [runtime-status] [11704] Ephemeral server handling POST request {"metadata":{"emulator":{"name":"functions"},"function":{"name":"api"},"message":"[runtime-status] [11704] Ephemeral server handling POST request"}}
[info] >  payment req recieved boom 167798 {"user":"payment req recieved boom 167798","metadata":{"emulator":{"name":"functions"},"function":{"name":"api"},"message":"\u001b[90m> \u001b[39m payment req recieved boom 167798"}}
[debug] [2021-01-27T20:41:56.405Z] [runtime-status] [11704] Ephemeral server survived. {"metadata":{"emulator":{"name":"functions"},"function":{"name":"api"},"message":"[runtime-status] [11704] Ephemeral server survived."}}
[info] i  functions: Finished "api" in ~1s {"metadata":{"emulator":{"name":"functions"},"function":{"name":"api"},"message":"Finished \"api\" in ~1s"}}
[debug] [2021-01-27T20:41:56.774Z] [worker-api-8a62c3af-43c9-4cf2-a605-6280d398e6d0]: IDLE {"metadata":{"emulator":{"name":"functions"},"message":"[worker-api-8a62c3af-43c9-4cf2-a605-6280d398e6d0]: IDLE"}}
[debug] [2021-01-27T20:41:56.775Z] [work-queue] {"queueLength":0,"workRunningCount":0}
[debug] [2021-01-27T21:26:03.405Z] [work-queue] {"queueLength":1,"workRunningCount":0}
[debug] [2021-01-27T21:26:03.405Z] [work-queue] {"queueLength":0,"workRunningCount":1}
[debug] [2021-01-27T21:26:03.405Z] Accepted request POST /clone-73b51/us-central1/api/payments/create?total=29898 --> api
[debug] [2021-01-27T21:26:03.406Z] [worker-pool] submitWork(triggerId=api) {"metadata":{"emulator":{"name":"functions"},"message":"[worker-pool] submitWork(triggerId=api)"}}
[debug] [2021-01-27T21:26:03.406Z] [worker-api-8a62c3af-43c9-4cf2-a605-6280d398e6d0]: Assigning socketPath: \\?\pipe\C:\Users\seang\OneDrive\Desktop\Coding\Projects\amazon-clone\functions\11704 {"metadata":{"emulator":{"name":"functions"},"message":"[worker-api-8a62c3af-43c9-4cf2-a605-6280d398e6d0]: Assigning socketPath: \\\\?\\pipe\\C:\\Users\\seang\\OneDrive\\Desktop\\Coding\\Projects\\amazon-clone\\functions\\11704"}}
[debug] [2021-01-27T21:26:03.406Z] [worker-api-8a62c3af-43c9-4cf2-a605-6280d398e6d0]: BUSY {"metadata":{"emulator":{"name":"functions"},"message":"[worker-api-8a62c3af-43c9-4cf2-a605-6280d398e6d0]: BUSY"}}
[debug] [2021-01-27T21:26:03.432Z] [runtime-status] [11704] Trigger "api" has been found, beginning invocation! {"metadata":{"emulator":{"name":"functions"},"function":{"name":"api"},"message":"[runtime-status] [11704] Trigger \"api\" has been found, beginning invocation!"}}
[info] i  functions: Beginning execution of "api" {"metadata":{"emulator":{"name":"functions"},"function":{"name":"api"},"message":"Beginning execution of \"api\""}}
[debug] [2021-01-27T21:26:03.438Z] [runtime-status] [11704] triggerDefinition {"httpsTrigger":{},"name":"api","entryPoint":"api"} {"metadata":{"emulator":{"name":"functions"},"function":{"name":"api"},"message":"[runtime-status] [11704] triggerDefinition {\"httpsTrigger\":{},\"name\":\"api\",\"entryPoint\":\"api\"}"}}
[debug] [2021-01-27T21:26:03.438Z] [runtime-status] [11704] Running api in mode HTTPS {"metadata":{"emulator":{"name":"functions"},"function":{"name":"api"},"message":"[runtime-status] [11704] Running api in mode HTTPS"}}
[debug] [2021-01-27T21:26:03.439Z] [runtime-status] [11704] Attempting to listen to socketPath: \\?\pipe\C:\Users\seang\OneDrive\Desktop\Coding\Projects\amazon-clone\functions\11704 {"metadata":{"emulator":{"name":"functions"},"function":{"name":"api"},"message":"[runtime-status] [11704] Attempting to listen to socketPath: \\\\?\\pipe\\C:\\Users\\seang\\OneDrive\\Desktop\\Coding\\Projects\\amazon-clone\\functions\\11704"}}
[debug] [2021-01-27T21:26:03.540Z] [functions] Runtime ready! Sending request! {"metadata":{"emulator":{"name":"functions"},"message":"[functions] Runtime ready! Sending request!"}}
[debug] [2021-01-27T21:26:03.541Z] [functions] Got req.url=/clone-73b51/us-central1/api/payments/create?total=29898, mapping to path=/payments/create?total=29898 {"metadata":{"emulator":{"name":"functions"},"message":"[functions] Got req.url=/clone-73b51/us-central1/api/payments/create?total=29898, mapping to path=/payments/create?total=29898"}}
[debug] [2021-01-27T21:26:03.548Z] [runtime-status] [11704] Ephemeral server handling POST request {"metadata":{"emulator":{"name":"functions"},"function":{"name":"api"},"message":"[runtime-status] [11704] Ephemeral server handling POST request"}}
[info] >  payment req recieved boom 29898 {"user":"payment req recieved boom 29898","metadata":{"emulator":{"name":"functions"},"function":{"name":"api"},"message":"\u001b[90m> \u001b[39m payment req recieved boom 29898"}}
[debug] [2021-01-27T21:26:03.552Z] [runtime-status] [11704] Ephemeral server survived. {"metadata":{"emulator":{"name":"functions"},"function":{"name":"api"},"message":"[runtime-status] [11704] Ephemeral server survived."}}
[info] i  functions: Finished "api" in ~1s {"metadata":{"emulator":{"name":"functions"},"function":{"name":"api"},"message":"Finished \"api\" in ~1s"}}
[debug] [2021-01-27T21:26:03.952Z] [worker-api-8a62c3af-43c9-4cf2-a605-6280d398e6d0]: IDLE {"metadata":{"emulator":{"name":"functions"},"message":"[worker-api-8a62c3af-43c9-4cf2-a605-6280d398e6d0]: IDLE"}}
[debug] [2021-01-27T21:26:03.952Z] [work-queue] {"queueLength":0,"workRunningCount":0}
[debug] [2021-01-27T21:26:16.056Z] [work-queue] {"queueLength":1,"workRunningCount":0}
[debug] [2021-01-27T21:26:16.057Z] [work-queue] {"queueLength":0,"workRunningCount":1}
[debug] [2021-01-27T21:26:16.057Z] Accepted request POST /clone-73b51/us-central1/api/payments/create?total=0 --> api
[debug] [2021-01-27T21:26:16.057Z] [worker-pool] submitWork(triggerId=api) {"metadata":{"emulator":{"name":"functions"},"message":"[worker-pool] submitWork(triggerId=api)"}}
[debug] [2021-01-27T21:26:16.058Z] [worker-api-8a62c3af-43c9-4cf2-a605-6280d398e6d0]: Assigning socketPath: \\?\pipe\C:\Users\seang\OneDrive\Desktop\Coding\Projects\amazon-clone\functions\11704 {"metadata":{"emulator":{"name":"functions"},"message":"[worker-api-8a62c3af-43c9-4cf2-a605-6280d398e6d0]: Assigning socketPath: \\\\?\\pipe\\C:\\Users\\seang\\OneDrive\\Desktop\\Coding\\Projects\\amazon-clone\\functions\\11704"}}
[debug] [2021-01-27T21:26:16.058Z] [worker-api-8a62c3af-43c9-4cf2-a605-6280d398e6d0]: BUSY {"metadata":{"emulator":{"name":"functions"},"message":"[worker-api-8a62c3af-43c9-4cf2-a605-6280d398e6d0]: BUSY"}}
[debug] [2021-01-27T21:26:16.059Z] [runtime-status] [11704] Trigger "api" has been found, beginning invocation! {"metadata":{"emulator":{"name":"functions"},"function":{"name":"api"},"message":"[runtime-status] [11704] Trigger \"api\" has been found, beginning invocation!"}}
[info] i  functions: Beginning execution of "api" {"metadata":{"emulator":{"name":"functions"},"function":{"name":"api"},"message":"Beginning execution of \"api\""}}
[debug] [2021-01-27T21:26:16.061Z] [runtime-status] [11704] triggerDefinition {"httpsTrigger":{},"name":"api","entryPoint":"api"} {"metadata":{"emulator":{"name":"functions"},"function":{"name":"api"},"message":"[runtime-status] [11704] triggerDefinition {\"httpsTrigger\":{},\"name\":\"api\",\"entryPoint\":\"api\"}"}}
[debug] [2021-01-27T21:26:16.061Z] [runtime-status] [11704] Running api in mode HTTPS {"metadata":{"emulator":{"name":"functions"},"function":{"name":"api"},"message":"[runtime-status] [11704] Running api in mode HTTPS"}}
[debug] [2021-01-27T21:26:16.062Z] [runtime-status] [11704] Attempting to listen to socketPath: \\?\pipe\C:\Users\seang\OneDrive\Desktop\Coding\Projects\amazon-clone\functions\11704 {"metadata":{"emulator":{"name":"functions"},"function":{"name":"api"},"message":"[runtime-status] [11704] Attempting to listen to socketPath: \\\\?\\pipe\\C:\\Users\\seang\\OneDrive\\Desktop\\Coding\\Projects\\amazon-clone\\functions\\11704"}}
[debug] [2021-01-27T21:26:16.064Z] [functions] Runtime ready! Sending request! {"metadata":{"emulator":{"name":"functions"},"message":"[functions] Runtime ready! Sending request!"}}
[debug] [2021-01-27T21:26:16.065Z] [functions] Got req.url=/clone-73b51/us-central1/api/payments/create?total=0, mapping to path=/payments/create?total=0 {"metadata":{"emulator":{"name":"functions"},"message":"[functions] Got req.url=/clone-73b51/us-central1/api/payments/create?total=0, mapping to path=/payments/create?total=0"}}
[debug] [2021-01-27T21:26:16.069Z] [runtime-status] [11704] Ephemeral server handling POST request {"metadata":{"emulator":{"name":"functions"},"function":{"name":"api"},"message":"[runtime-status] [11704] Ephemeral server handling POST request"}}
[info] >  payment req recieved boom 0 {"user":"payment req recieved boom 0","metadata":{"emulator":{"name":"functions"},"function":{"name":"api"},"message":"\u001b[90m> \u001b[39m payment req recieved boom 0"}}
[debug] [2021-01-27T21:26:16.074Z] [runtime-status] [11704] Ephemeral server survived. {"metadata":{"emulator":{"name":"functions"},"function":{"name":"api"},"message":"[runtime-status] [11704] Ephemeral server survived."}}
[info] >  (node:11704) UnhandledPromiseRejectionWarning: Error: This value must be greater than or equal to 1. {"user":"(node:11704) UnhandledPromiseRejectionWarning: Error: This value must be greater than or equal to 1.","metadata":{"emulator":{"name":"functions"},"function":{"name":"api"},"message":"\u001b[90m> \u001b[39m (node:11704) UnhandledPromiseRejectionWarning: Error: This value must be greater than or equal to 1."}}
[info] >      at Function.generate (C:\Users\seang\OneDrive\Desktop\Coding\Projects\amazon-clone\functions\node_modules\stripe\lib\Error.js:40:16) {"user":"    at Function.generate (C:\\Users\\seang\\OneDrive\\Desktop\\Coding\\Projects\\amazon-clone\\functions\\node_modules\\stripe\\lib\\Error.js:40:16)","metadata":{"emulator":{"name":"functions"},"function":{"name":"api"},"message":"\u001b[90m> \u001b[39m     at Function.generate (C:\\Users\\seang\\OneDrive\\Desktop\\Coding\\Projects\\amazon-clone\\functions\\node_modules\\stripe\\lib\\Error.js:40:16)"}}
[info] >      at IncomingMessage.<anonymous> (C:\Users\seang\OneDrive\Desktop\Coding\Projects\amazon-clone\functions\node_modules\stripe\lib\StripeResource.js:180:33) {"user":"    at IncomingMessage.<anonymous> (C:\\Users\\seang\\OneDrive\\Desktop\\Coding\\Projects\\amazon-clone\\functions\\node_modules\\stripe\\lib\\StripeResource.js:180:33)","metadata":{"emulator":{"name":"functions"},"function":{"name":"api"},"message":"\u001b[90m> \u001b[39m     at IncomingMessage.<anonymous> (C:\\Users\\seang\\OneDrive\\Desktop\\Coding\\Projects\\amazon-clone\\functions\\node_modules\\stripe\\lib\\StripeResource.js:180:33)"}}
[info] >      at Object.onceWrapper (events.js:421:28) {"user":"    at Object.onceWrapper (events.js:421:28)","metadata":{"emulator":{"name":"functions"},"function":{"name":"api"},"message":"\u001b[90m> \u001b[39m     at Object.onceWrapper (events.js:421:28)"}}
[info] >      at IncomingMessage.emit (events.js:327:22) {"user":"    at IncomingMessage.emit (events.js:327:22)","metadata":{"emulator":{"name":"functions"},"function":{"name":"api"},"message":"\u001b[90m> \u001b[39m     at IncomingMessage.emit (events.js:327:22)"}}
[info] >      at endReadableNT (internal/streams/readable.js:1327:12) {"user":"    at endReadableNT (internal/streams/readable.js:1327:12)","metadata":{"emulator":{"name":"functions"},"function":{"name":"api"},"message":"\u001b[90m> \u001b[39m     at endReadableNT (internal/streams/readable.js:1327:12)"}}
[info] >      at processTicksAndRejections (internal/process/task_queues.js:80:21) {"user":"    at processTicksAndRejections (internal/process/task_queues.js:80:21)","metadata":{"emulator":{"name":"functions"},"function":{"name":"api"},"message":"\u001b[90m> \u001b[39m     at processTicksAndRejections (internal/process/task_queues.js:80:21)"}}
[info] >  (Use `node --trace-warnings ...` to show where the warning was created) {"user":"(Use `node --trace-warnings ...` to show where the warning was created)","metadata":{"emulator":{"name":"functions"},"function":{"name":"api"},"message":"\u001b[90m> \u001b[39m (Use `node --trace-warnings ...` to show where the warning was created)"}}
[info] >  (node:11704) UnhandledPromiseRejectionWarning: Unhandled promise rejection. This error originated either by throwing inside of an async function without a catch block, or by rejecting a promise which was not handled with .catch(). To terminate the node process on unhandled promise rejection, use the CLI flag `--unhandled-rejections=strict` (see https://nodejs.org/api/cli.html#cli_unhandled_rejections_mode). (rejection id: 1) {"user":"(node:11704) UnhandledPromiseRejectionWarning: Unhandled promise rejection. This error originated either by throwing inside of an async function without a catch block, or by rejecting a promise which was not handled with .catch(). To terminate the node process on unhandled promise rejection, use the CLI flag `--unhandled-rejections=strict` (see https://nodejs.org/api/cli.html#cli_unhandled_rejections_mode). (rejection id: 1)","metadata":{"emulator":{"name":"functions"},"function":{"name":"api"},"message":"\u001b[90m> \u001b[39m (node:11704) UnhandledPromiseRejectionWarning: Unhandled promise rejection. This error originated either by throwing inside of an async function without a catch block, or by rejecting a promise which was not handled with .catch(). To terminate the node process on unhandled promise rejection, use the CLI flag `--unhandled-rejections=strict` (see https://nodejs.org/api/cli.html#cli_unhandled_rejections_mode). (rejection id: 1)"}}
[info] >  (node:11704) [DEP0018] DeprecationWarning: Unhandled promise rejections are deprecated. In the future, promise rejections that are not handled will terminate the Node.js process with a non-zero exit code. {"user":"(node:11704) [DEP0018] DeprecationWarning: Unhandled promise rejections are deprecated. In the future, promise rejections that are not handled will terminate the Node.js process with a non-zero exit code.","metadata":{"emulator":{"name":"functions"},"function":{"name":"api"},"message":"\u001b[90m> \u001b[39m (node:11704) [DEP0018] DeprecationWarning: Unhandled promise rejections are deprecated. In the future, promise rejections that are not handled will terminate the Node.js process with a non-zero exit code."}}
[warn] !  functions: Your function timed out after ~60s. To configure this timeout, see
      https://firebase.google.com/docs/functions/manage-functions#set_timeout_and_memory_allocation. {"metadata":{"emulator":{"name":"functions"},"function":{"name":"api"},"message":"Your function timed out after ~60s. To configure this timeout, see\n      https://firebase.google.com/docs/functions/manage-functions#set_timeout_and_memory_allocation."}}
[info] >  C:\Users\seang\AppData\Roaming\npm\node_modules\firebase-tools\lib\emulator\functionsEmulatorRuntime.js:640 {"user":"C:\\Users\\seang\\AppData\\Roaming\\npm\\node_modules\\firebase-tools\\lib\\emulator\\functionsEmulatorRuntime.js:640\r","metadata":{"emulator":{"name":"functions"},"function":{"name":"api"},"message":"\u001b[90m> \u001b[39m C:\\Users\\seang\\AppData\\Roaming\\npm\\node_modules\\firebase-tools\\lib\\emulator\\functionsEmulatorRuntime.js:640\r"}}
[info] >              throw new Error("Function timed out."); {"user":"            throw new Error(\"Function timed out.\");\r","metadata":{"emulator":{"name":"functions"},"function":{"name":"api"},"message":"\u001b[90m> \u001b[39m             throw new Error(\"Function timed out.\");\r"}}
[info] >              ^ {"user":"            ^\r","metadata":{"emulator":{"name":"functions"},"function":{"name":"api"},"message":"\u001b[90m> \u001b[39m             ^\r"}}
[info] >   {"user":"\r","metadata":{"emulator":{"name":"functions"},"function":{"name":"api"},"message":"\u001b[90m> \u001b[39m \r"}}
[info] >  Error: Function timed out. {"user":"Error: Function timed out.\r","metadata":{"emulator":{"name":"functions"},"function":{"name":"api"},"message":"\u001b[90m> \u001b[39m Error: Function timed out.\r"}}
[info] >      at Timeout._onTimeout (C:\Users\seang\AppData\Roaming\npm\node_modules\firebase-tools\lib\emulator\functionsEmulatorRuntime.js:640:19) {"user":"    at Timeout._onTimeout (C:\\Users\\seang\\AppData\\Roaming\\npm\\node_modules\\firebase-tools\\lib\\emulator\\functionsEmulatorRuntime.js:640:19)\r","metadata":{"emulator":{"name":"functions"},"function":{"name":"api"},"message":"\u001b[90m> \u001b[39m     at Timeout._onTimeout (C:\\Users\\seang\\AppData\\Roaming\\npm\\node_modules\\firebase-tools\\lib\\emulator\\functionsEmulatorRuntime.js:640:19)\r"}}
[info] >      at listOnTimeout (internal/timers.js:554:17) {"user":"    at listOnTimeout (internal/timers.js:554:17)\r","metadata":{"emulator":{"name":"functions"},"function":{"name":"api"},"message":"\u001b[90m> \u001b[39m     at listOnTimeout (internal/timers.js:554:17)\r"}}
[info] >      at processTimers (internal/timers.js:497:7) {"user":"    at processTimers (internal/timers.js:497:7)\r","metadata":{"emulator":{"name":"functions"},"function":{"name":"api"},"message":"\u001b[90m> \u001b[39m     at processTimers (internal/timers.js:497:7)\r"}}
[debug] [2021-01-27T21:27:16.184Z] [worker-api-8a62c3af-43c9-4cf2-a605-6280d398e6d0]: exited {"metadata":{"emulator":{"name":"functions"},"message":"[worker-api-8a62c3af-43c9-4cf2-a605-6280d398e6d0]: exited"}}
[debug] [2021-01-27T21:27:16.184Z] [worker-api-8a62c3af-43c9-4cf2-a605-6280d398e6d0]: FINISHED {"metadata":{"emulator":{"name":"functions"},"message":"[worker-api-8a62c3af-43c9-4cf2-a605-6280d398e6d0]: FINISHED"}}
[debug] [2021-01-27T21:27:16.184Z] [work-queue] {"queueLength":0,"workRunningCount":0}
[debug] [2021-01-27T21:28:34.993Z] [work-queue] {"queueLength":1,"workRunningCount":0}
[debug] [2021-01-27T21:28:34.993Z] [work-queue] {"queueLength":0,"workRunningCount":1}
[debug] [2021-01-27T21:28:34.993Z] Accepted request POST /clone-73b51/us-central1/api/payments/create?total=23900 --> api
[debug] [2021-01-27T21:28:34.994Z] [worker-pool] Cleaned up workers for api: 1 --> 0 {"metadata":{"emulator":{"name":"functions"},"message":"[worker-pool] Cleaned up workers for api: 1 --> 0"}}
[debug] [2021-01-27T21:28:35.011Z] [worker-pool] addWorker(api) {"metadata":{"emulator":{"name":"functions"},"message":"[worker-pool] addWorker(api)"}}
[debug] [2021-01-27T21:28:35.012Z] [worker-pool] Adding worker with key api, total=1 {"metadata":{"emulator":{"name":"functions"},"message":"[worker-pool] Adding worker with key api, total=1"}}
[debug] [2021-01-27T21:28:35.012Z] [worker-pool] submitWork(triggerId=api) {"metadata":{"emulator":{"name":"functions"},"message":"[worker-pool] submitWork(triggerId=api)"}}
[debug] [2021-01-27T21:28:35.012Z] [worker-api-a13a7b2c-5c50-4999-88c8-27450e27a8db]: Assigning socketPath: \\?\pipe\C:\Users\seang\OneDrive\Desktop\Coding\Projects\amazon-clone\functions\9464 {"metadata":{"emulator":{"name":"functions"},"message":"[worker-api-a13a7b2c-5c50-4999-88c8-27450e27a8db]: Assigning socketPath: \\\\?\\pipe\\C:\\Users\\seang\\OneDrive\\Desktop\\Coding\\Projects\\amazon-clone\\functions\\9464"}}
[debug] [2021-01-27T21:28:35.013Z] [worker-api-a13a7b2c-5c50-4999-88c8-27450e27a8db]: BUSY {"metadata":{"emulator":{"name":"functions"},"message":"[worker-api-a13a7b2c-5c50-4999-88c8-27450e27a8db]: BUSY"}}
[debug] [2021-01-27T21:28:36.841Z] [runtime-status] [9464] Functions runtime initialized. {"cwd":"C:\\Users\\seang\\OneDrive\\Desktop\\Coding\\Projects\\amazon-clone\\functions","node_version":"14.15.4"} {"metadata":{"emulator":{"name":"functions"},"function":{"name":"api"},"message":"[runtime-status] [9464] Functions runtime initialized. {\"cwd\":\"C:\\\\Users\\\\seang\\\\OneDrive\\\\Desktop\\\\Coding\\\\Projects\\\\amazon-clone\\\\functions\",\"node_version\":\"14.15.4\"}"}}
[debug] [2021-01-27T21:28:36.846Z] [runtime-status] [9464] Disabled runtime features: undefined {"metadata":{"emulator":{"name":"functions"},"function":{"name":"api"},"message":"[runtime-status] [9464] Disabled runtime features: undefined"}}
[debug] [2021-01-27T21:28:36.874Z] [runtime-status] [9464] Resolved module firebase-admin {"declared":true,"installed":true,"version":"9.4.2","resolution":"C:\\Users\\seang\\OneDrive\\Desktop\\Coding\\Projects\\amazon-clone\\functions\\node_modules\\firebase-admin\\lib\\index.js"} {"metadata":{"emulator":{"name":"functions"},"function":{"name":"api"},"message":"[runtime-status] [9464] Resolved module firebase-admin {\"declared\":true,\"installed\":true,\"version\":\"9.4.2\",\"resolution\":\"C:\\\\Users\\\\seang\\\\OneDrive\\\\Desktop\\\\Coding\\\\Projects\\\\amazon-clone\\\\functions\\\\node_modules\\\\firebase-admin\\\\lib\\\\index.js\"}"}}
[debug] [2021-01-27T21:28:36.881Z] [runtime-status] [9464] Resolved module firebase-functions {"declared":true,"installed":true,"version":"3.13.1","resolution":"C:\\Users\\seang\\OneDrive\\Desktop\\Coding\\Projects\\amazon-clone\\functions\\node_modules\\firebase-functions\\lib\\index.js"} {"metadata":{"emulator":{"name":"functions"},"function":{"name":"api"},"message":"[runtime-status] [9464] Resolved module firebase-functions {\"declared\":true,\"installed\":true,\"version\":\"3.13.1\",\"resolution\":\"C:\\\\Users\\\\seang\\\\OneDrive\\\\Desktop\\\\Coding\\\\Projects\\\\amazon-clone\\\\functions\\\\node_modules\\\\firebase-functions\\\\lib\\\\index.js\"}"}}
[debug] [2021-01-27T21:28:36.884Z] [runtime-status] [9464] Resolved module firebase-functions {"declared":true,"installed":true,"version":"3.13.1","resolution":"C:\\Users\\seang\\OneDrive\\Desktop\\Coding\\Projects\\amazon-clone\\functions\\node_modules\\firebase-functions\\lib\\index.js"} {"metadata":{"emulator":{"name":"functions"},"function":{"name":"api"},"message":"[runtime-status] [9464] Resolved module firebase-functions {\"declared\":true,\"installed\":true,\"version\":\"3.13.1\",\"resolution\":\"C:\\\\Users\\\\seang\\\\OneDrive\\\\Desktop\\\\Coding\\\\Projects\\\\amazon-clone\\\\functions\\\\node_modules\\\\firebase-functions\\\\lib\\\\index.js\"}"}}
[debug] [2021-01-27T21:28:36.886Z] [runtime-status] [9464] Outgoing network have been stubbed. [{"name":"http","status":"mocked"},{"name":"http","status":"mocked"},{"name":"https","status":"mocked"},{"name":"https","status":"mocked"},{"name":"net","status":"mocked"}] {"metadata":{"emulator":{"name":"functions"},"function":{"name":"api"},"message":"[runtime-status] [9464] Outgoing network have been stubbed. [{\"name\":\"http\",\"status\":\"mocked\"},{\"name\":\"http\",\"status\":\"mocked\"},{\"name\":\"https\",\"status\":\"mocked\"},{\"name\":\"https\",\"status\":\"mocked\"},{\"name\":\"net\",\"status\":\"mocked\"}]"}}
[debug] [2021-01-27T21:28:36.887Z] [runtime-status] [9464] Resolved module firebase-functions {"declared":true,"installed":true,"version":"3.13.1","resolution":"C:\\Users\\seang\\OneDrive\\Desktop\\Coding\\Projects\\amazon-clone\\functions\\node_modules\\firebase-functions\\lib\\index.js"} {"metadata":{"emulator":{"name":"functions"},"function":{"name":"api"},"message":"[runtime-status] [9464] Resolved module firebase-functions {\"declared\":true,\"installed\":true,\"version\":\"3.13.1\",\"resolution\":\"C:\\\\Users\\\\seang\\\\OneDrive\\\\Desktop\\\\Coding\\\\Projects\\\\amazon-clone\\\\functions\\\\node_modules\\\\firebase-functions\\\\lib\\\\index.js\"}"}}
[debug] [2021-01-27T21:28:37.521Z] [runtime-status] [9464] Checked functions.config() {"config":{}} {"metadata":{"emulator":{"name":"functions"},"function":{"name":"api"},"message":"[runtime-status] [9464] Checked functions.config() {\"config\":{}}"}}
[debug] [2021-01-27T21:28:37.522Z] [runtime-status] [9464] firebase-functions has been stubbed. {"functionsResolution":{"declared":true,"installed":true,"version":"3.13.1","resolution":"C:\\Users\\seang\\OneDrive\\Desktop\\Coding\\Projects\\amazon-clone\\functions\\node_modules\\firebase-functions\\lib\\index.js"}} {"metadata":{"emulator":{"name":"functions"},"function":{"name":"api"},"message":"[runtime-status] [9464] firebase-functions has been stubbed. {\"functionsResolution\":{\"declared\":true,\"installed\":true,\"version\":\"3.13.1\",\"resolution\":\"C:\\\\Users\\\\seang\\\\OneDrive\\\\Desktop\\\\Coding\\\\Projects\\\\amazon-clone\\\\functions\\\\node_modules\\\\firebase-functions\\\\lib\\\\index.js\"}}"}}
[debug] [2021-01-27T21:28:37.522Z] [runtime-status] [9464] Resolved module firebase-functions {"declared":true,"installed":true,"version":"3.13.1","resolution":"C:\\Users\\seang\\OneDrive\\Desktop\\Coding\\Projects\\amazon-clone\\functions\\node_modules\\firebase-functions\\lib\\index.js"} {"metadata":{"emulator":{"name":"functions"},"function":{"name":"api"},"message":"[runtime-status] [9464] Resolved module firebase-functions {\"declared\":true,\"installed\":true,\"version\":\"3.13.1\",\"resolution\":\"C:\\\\Users\\\\seang\\\\OneDrive\\\\Desktop\\\\Coding\\\\Projects\\\\amazon-clone\\\\functions\\\\node_modules\\\\firebase-functions\\\\lib\\\\index.js\"}"}}
[debug] [2021-01-27T21:28:37.524Z] [runtime-status] [9464] Resolved module firebase-admin {"declared":true,"installed":true,"version":"9.4.2","resolution":"C:\\Users\\seang\\OneDrive\\Desktop\\Coding\\Projects\\amazon-clone\\functions\\node_modules\\firebase-admin\\lib\\index.js"} {"metadata":{"emulator":{"name":"functions"},"function":{"name":"api"},"message":"[runtime-status] [9464] Resolved module firebase-admin {\"declared\":true,\"installed\":true,\"version\":\"9.4.2\",\"resolution\":\"C:\\\\Users\\\\seang\\\\OneDrive\\\\Desktop\\\\Coding\\\\Projects\\\\amazon-clone\\\\functions\\\\node_modules\\\\firebase-admin\\\\lib\\\\index.js\"}"}}
[debug] [2021-01-27T21:28:37.525Z] [runtime-status] [9464] Resolved module firebase-functions {"declared":true,"installed":true,"version":"3.13.1","resolution":"C:\\Users\\seang\\OneDrive\\Desktop\\Coding\\Projects\\amazon-clone\\functions\\node_modules\\firebase-functions\\lib\\index.js"} {"metadata":{"emulator":{"name":"functions"},"function":{"name":"api"},"message":"[runtime-status] [9464] Resolved module firebase-functions {\"declared\":true,\"installed\":true,\"version\":\"3.13.1\",\"resolution\":\"C:\\\\Users\\\\seang\\\\OneDrive\\\\Desktop\\\\Coding\\\\Projects\\\\amazon-clone\\\\functions\\\\node_modules\\\\firebase-functions\\\\lib\\\\index.js\"}"}}
[debug] [2021-01-27T21:28:37.525Z] [runtime-status] [9464] firebase-admin has been stubbed. {"adminResolution":{"declared":true,"installed":true,"version":"9.4.2","resolution":"C:\\Users\\seang\\OneDrive\\Desktop\\Coding\\Projects\\amazon-clone\\functions\\node_modules\\firebase-admin\\lib\\index.js"}} {"metadata":{"emulator":{"name":"functions"},"function":{"name":"api"},"message":"[runtime-status] [9464] firebase-admin has been stubbed. {\"adminResolution\":{\"declared\":true,\"installed\":true,\"version\":\"9.4.2\",\"resolution\":\"C:\\\\Users\\\\seang\\\\OneDrive\\\\Desktop\\\\Coding\\\\Projects\\\\amazon-clone\\\\functions\\\\node_modules\\\\firebase-admin\\\\lib\\\\index.js\"}}"}}
[debug] [2021-01-27T21:28:39.704Z] [runtime-status] [9464] Trigger "api" has been found, beginning invocation! {"metadata":{"emulator":{"name":"functions"},"function":{"name":"api"},"message":"[runtime-status] [9464] Trigger \"api\" has been found, beginning invocation!"}}
[info] i  functions: Beginning execution of "api" {"metadata":{"emulator":{"name":"functions"},"function":{"name":"api"},"message":"Beginning execution of \"api\""}}
[debug] [2021-01-27T21:28:39.706Z] [runtime-status] [9464] triggerDefinition {"httpsTrigger":{},"name":"api","entryPoint":"api"} {"metadata":{"emulator":{"name":"functions"},"function":{"name":"api"},"message":"[runtime-status] [9464] triggerDefinition {\"httpsTrigger\":{},\"name\":\"api\",\"entryPoint\":\"api\"}"}}
[debug] [2021-01-27T21:28:39.706Z] [runtime-status] [9464] Running api in mode HTTPS {"metadata":{"emulator":{"name":"functions"},"function":{"name":"api"},"message":"[runtime-status] [9464] Running api in mode HTTPS"}}
[debug] [2021-01-27T21:28:39.713Z] [runtime-status] [9464] Attempting to listen to socketPath: \\?\pipe\C:\Users\seang\OneDrive\Desktop\Coding\Projects\amazon-clone\functions\9464 {"metadata":{"emulator":{"name":"functions"},"function":{"name":"api"},"message":"[runtime-status] [9464] Attempting to listen to socketPath: \\\\?\\pipe\\C:\\Users\\seang\\OneDrive\\Desktop\\Coding\\Projects\\amazon-clone\\functions\\9464"}}
[debug] [2021-01-27T21:28:39.718Z] [functions] Runtime ready! Sending request! {"metadata":{"emulator":{"name":"functions"},"message":"[functions] Runtime ready! Sending request!"}}
[debug] [2021-01-27T21:28:39.719Z] [functions] Got req.url=/clone-73b51/us-central1/api/payments/create?total=23900, mapping to path=/payments/create?total=23900 {"metadata":{"emulator":{"name":"functions"},"message":"[functions] Got req.url=/clone-73b51/us-central1/api/payments/create?total=23900, mapping to path=/payments/create?total=23900"}}
[debug] [2021-01-27T21:28:39.734Z] [runtime-status] [9464] Ephemeral server handling POST request {"metadata":{"emulator":{"name":"functions"},"function":{"name":"api"},"message":"[runtime-status] [9464] Ephemeral server handling POST request"}}
[info] >  payment req recieved boom 23900 {"user":"payment req recieved boom 23900","metadata":{"emulator":{"name":"functions"},"function":{"name":"api"},"message":"\u001b[90m> \u001b[39m payment req recieved boom 23900"}}
[debug] [2021-01-27T21:28:39.787Z] [runtime-status] [9464] Ephemeral server survived. {"metadata":{"emulator":{"name":"functions"},"function":{"name":"api"},"message":"[runtime-status] [9464] Ephemeral server survived."}}
[info] i  functions: Finished "api" in ~1s {"metadata":{"emulator":{"name":"functions"},"function":{"name":"api"},"message":"Finished \"api\" in ~1s"}}
[debug] [2021-01-27T21:28:40.624Z] [worker-api-a13a7b2c-5c50-4999-88c8-27450e27a8db]: IDLE {"metadata":{"emulator":{"name":"functions"},"message":"[worker-api-a13a7b2c-5c50-4999-88c8-27450e27a8db]: IDLE"}}
[debug] [2021-01-27T21:28:40.624Z] [work-queue] {"queueLength":0,"workRunningCount":0}
[debug] [2021-01-27T21:28:50.565Z] [work-queue] {"queueLength":1,"workRunningCount":0}
[debug] [2021-01-27T21:28:50.566Z] [work-queue] {"queueLength":0,"workRunningCount":1}
[debug] [2021-01-27T21:28:50.567Z] Accepted request POST /clone-73b51/us-central1/api/payments/create?total=0 --> api
[debug] [2021-01-27T21:28:50.567Z] [worker-pool] submitWork(triggerId=api) {"metadata":{"emulator":{"name":"functions"},"message":"[worker-pool] submitWork(triggerId=api)"}}
[debug] [2021-01-27T21:28:50.568Z] [worker-api-a13a7b2c-5c50-4999-88c8-27450e27a8db]: Assigning socketPath: \\?\pipe\C:\Users\seang\OneDrive\Desktop\Coding\Projects\amazon-clone\functions\9464 {"metadata":{"emulator":{"name":"functions"},"message":"[worker-api-a13a7b2c-5c50-4999-88c8-27450e27a8db]: Assigning socketPath: \\\\?\\pipe\\C:\\Users\\seang\\OneDrive\\Desktop\\Coding\\Projects\\amazon-clone\\functions\\9464"}}
[debug] [2021-01-27T21:28:50.568Z] [worker-api-a13a7b2c-5c50-4999-88c8-27450e27a8db]: BUSY {"metadata":{"emulator":{"name":"functions"},"message":"[worker-api-a13a7b2c-5c50-4999-88c8-27450e27a8db]: BUSY"}}
[debug] [2021-01-27T21:28:50.571Z] [runtime-status] [9464] Trigger "api" has been found, beginning invocation! {"metadata":{"emulator":{"name":"functions"},"function":{"name":"api"},"message":"[runtime-status] [9464] Trigger \"api\" has been found, beginning invocation!"}}
[info] i  functions: Beginning execution of "api" {"metadata":{"emulator":{"name":"functions"},"function":{"name":"api"},"message":"Beginning execution of \"api\""}}
[debug] [2021-01-27T21:28:50.577Z] [runtime-status] [9464] triggerDefinition {"httpsTrigger":{},"name":"api","entryPoint":"api"} {"metadata":{"emulator":{"name":"functions"},"function":{"name":"api"},"message":"[runtime-status] [9464] triggerDefinition {\"httpsTrigger\":{},\"name\":\"api\",\"entryPoint\":\"api\"}"}}
[debug] [2021-01-27T21:28:50.578Z] [runtime-status] [9464] Running api in mode HTTPS {"metadata":{"emulator":{"name":"functions"},"function":{"name":"api"},"message":"[runtime-status] [9464] Running api in mode HTTPS"}}
[debug] [2021-01-27T21:28:50.579Z] [runtime-status] [9464] Attempting to listen to socketPath: \\?\pipe\C:\Users\seang\OneDrive\Desktop\Coding\Projects\amazon-clone\functions\9464 {"metadata":{"emulator":{"name":"functions"},"function":{"name":"api"},"message":"[runtime-status] [9464] Attempting to listen to socketPath: \\\\?\\pipe\\C:\\Users\\seang\\OneDrive\\Desktop\\Coding\\Projects\\amazon-clone\\functions\\9464"}}
[debug] [2021-01-27T21:28:50.582Z] [functions] Runtime ready! Sending request! {"metadata":{"emulator":{"name":"functions"},"message":"[functions] Runtime ready! Sending request!"}}
[debug] [2021-01-27T21:28:50.583Z] [functions] Got req.url=/clone-73b51/us-central1/api/payments/create?total=0, mapping to path=/payments/create?total=0 {"metadata":{"emulator":{"name":"functions"},"message":"[functions] Got req.url=/clone-73b51/us-central1/api/payments/create?total=0, mapping to path=/payments/create?total=0"}}
[debug] [2021-01-27T21:28:50.592Z] [runtime-status] [9464] Ephemeral server handling POST request {"metadata":{"emulator":{"name":"functions"},"function":{"name":"api"},"message":"[runtime-status] [9464] Ephemeral server handling POST request"}}
[info] >  payment req recieved boom 0 {"user":"payment req recieved boom 0","metadata":{"emulator":{"name":"functions"},"function":{"name":"api"},"message":"\u001b[90m> \u001b[39m payment req recieved boom 0"}}
[debug] [2021-01-27T21:28:50.602Z] [runtime-status] [9464] Ephemeral server survived. {"metadata":{"emulator":{"name":"functions"},"function":{"name":"api"},"message":"[runtime-status] [9464] Ephemeral server survived."}}
[info] >  (node:9464) UnhandledPromiseRejectionWarning: Error: This value must be greater than or equal to 1. {"user":"(node:9464) UnhandledPromiseRejectionWarning: Error: This value must be greater than or equal to 1.","metadata":{"emulator":{"name":"functions"},"function":{"name":"api"},"message":"\u001b[90m> \u001b[39m (node:9464) UnhandledPromiseRejectionWarning: Error: This value must be greater than or equal to 1."}}
[info] >      at Function.generate (C:\Users\seang\OneDrive\Desktop\Coding\Projects\amazon-clone\functions\node_modules\stripe\lib\Error.js:40:16) {"user":"    at Function.generate (C:\\Users\\seang\\OneDrive\\Desktop\\Coding\\Projects\\amazon-clone\\functions\\node_modules\\stripe\\lib\\Error.js:40:16)","metadata":{"emulator":{"name":"functions"},"function":{"name":"api"},"message":"\u001b[90m> \u001b[39m     at Function.generate (C:\\Users\\seang\\OneDrive\\Desktop\\Coding\\Projects\\amazon-clone\\functions\\node_modules\\stripe\\lib\\Error.js:40:16)"}}
[info] >      at IncomingMessage.<anonymous> (C:\Users\seang\OneDrive\Desktop\Coding\Projects\amazon-clone\functions\node_modules\stripe\lib\StripeResource.js:180:33) {"user":"    at IncomingMessage.<anonymous> (C:\\Users\\seang\\OneDrive\\Desktop\\Coding\\Projects\\amazon-clone\\functions\\node_modules\\stripe\\lib\\StripeResource.js:180:33)","metadata":{"emulator":{"name":"functions"},"function":{"name":"api"},"message":"\u001b[90m> \u001b[39m     at IncomingMessage.<anonymous> (C:\\Users\\seang\\OneDrive\\Desktop\\Coding\\Projects\\amazon-clone\\functions\\node_modules\\stripe\\lib\\StripeResource.js:180:33)"}}
[info] >      at Object.onceWrapper (events.js:421:28) {"user":"    at Object.onceWrapper (events.js:421:28)","metadata":{"emulator":{"name":"functions"},"function":{"name":"api"},"message":"\u001b[90m> \u001b[39m     at Object.onceWrapper (events.js:421:28)"}}
[info] >      at IncomingMessage.emit (events.js:327:22) {"user":"    at IncomingMessage.emit (events.js:327:22)","metadata":{"emulator":{"name":"functions"},"function":{"name":"api"},"message":"\u001b[90m> \u001b[39m     at IncomingMessage.emit (events.js:327:22)"}}
[info] >      at endReadableNT (internal/streams/readable.js:1327:12) {"user":"    at endReadableNT (internal/streams/readable.js:1327:12)","metadata":{"emulator":{"name":"functions"},"function":{"name":"api"},"message":"\u001b[90m> \u001b[39m     at endReadableNT (internal/streams/readable.js:1327:12)"}}
[info] >      at processTicksAndRejections (internal/process/task_queues.js:80:21) {"user":"    at processTicksAndRejections (internal/process/task_queues.js:80:21)","metadata":{"emulator":{"name":"functions"},"function":{"name":"api"},"message":"\u001b[90m> \u001b[39m     at processTicksAndRejections (internal/process/task_queues.js:80:21)"}}
[info] >  (Use `node --trace-warnings ...` to show where the warning was created) {"user":"(Use `node --trace-warnings ...` to show where the warning was created)","metadata":{"emulator":{"name":"functions"},"function":{"name":"api"},"message":"\u001b[90m> \u001b[39m (Use `node --trace-warnings ...` to show where the warning was created)"}}
[info] >  (node:9464) UnhandledPromiseRejectionWarning: Unhandled promise rejection. This error originated either by throwing inside of an async function without a catch block, or by rejecting a promise which was not handled with .catch(). To terminate the node process on unhandled promise rejection, use the CLI flag `--unhandled-rejections=strict` (see https://nodejs.org/api/cli.html#cli_unhandled_rejections_mode). (rejection id: 1) {"user":"(node:9464) UnhandledPromiseRejectionWarning: Unhandled promise rejection. This error originated either by throwing inside of an async function without a catch block, or by rejecting a promise which was not handled with .catch(). To terminate the node process on unhandled promise rejection, use the CLI flag `--unhandled-rejections=strict` (see https://nodejs.org/api/cli.html#cli_unhandled_rejections_mode). (rejection id: 1)","metadata":{"emulator":{"name":"functions"},"function":{"name":"api"},"message":"\u001b[90m> \u001b[39m (node:9464) UnhandledPromiseRejectionWarning: Unhandled promise rejection. This error originated either by throwing inside of an async function without a catch block, or by rejecting a promise which was not handled with .catch(). To terminate the node process on unhandled promise rejection, use the CLI flag `--unhandled-rejections=strict` (see https://nodejs.org/api/cli.html#cli_unhandled_rejections_mode). (rejection id: 1)"}}
[info] >  (node:9464) [DEP0018] DeprecationWarning: Unhandled promise rejections are deprecated. In the future, promise rejections that are not handled will terminate the Node.js process with a non-zero exit code. {"user":"(node:9464) [DEP0018] DeprecationWarning: Unhandled promise rejections are deprecated. In the future, promise rejections that are not handled will terminate the Node.js process with a non-zero exit code.","metadata":{"emulator":{"name":"functions"},"function":{"name":"api"},"message":"\u001b[90m> \u001b[39m (node:9464) [DEP0018] DeprecationWarning: Unhandled promise rejections are deprecated. In the future, promise rejections that are not handled will terminate the Node.js process with a non-zero exit code."}}
[debug] [2021-01-27T21:29:20.827Z] File C:\Users\seang\OneDrive\Desktop\Coding\Projects\amazon-clone\functions\index.js changed, reloading triggers {"metadata":{"emulator":{"name":"functions"},"message":"File C:\\Users\\seang\\OneDrive\\Desktop\\Coding\\Projects\\amazon-clone\\functions\\index.js changed, reloading triggers"}}
